TN:
SF:script/AddLiquidity.s.sol
DA:38,0
FN:38,AddLiquidity.run
FNDA:0,AddLiquidity.run
DA:39,0
DA:40,0
DA:42,0
DA:43,0
DA:44,0
DA:46,0
DA:49,0
DA:50,0
DA:53,0
DA:62,0
DA:65,0
DA:67,0
DA:70,0
FN:70,AddLiquidity._logResults
FNDA:0,AddLiquidity._logResults
DA:73,0
DA:74,0
DA:75,0
DA:78,0
FN:78,AddLiquidity._getLPBalance
FNDA:0,AddLiquidity._getLPBalance
DA:81,0
DA:82,0
DA:83,0
FNF:3
FNH:0
LF:21
LH:0
BRF:0
BRH:0
end_of_record
TN:
SF:script/Deploy.s.sol
DA:9,0
FN:9,DeployScript.setUp
FNDA:0,DeployScript.setUp
DA:15,0
FN:15,DeployScript.run.0
FNDA:0,DeployScript.run.0
DA:16,0
DA:17,0
DA:19,0
DA:21,0
DA:23,0
BRDA:23,0,0,-
BRDA:23,0,1,-
DA:25,0
DA:26,0
DA:27,0
DA:30,0
DA:31,0
DA:34,0
DA:35,0
DA:38,0
BRDA:38,1,0,-
DA:39,0
DA:40,0
BRDA:40,2,0,-
BRDA:40,2,1,-
DA:41,0
DA:44,0
DA:52,0
FN:52,DeployLocal.run.1
FNDA:0,DeployLocal.run.1
DA:53,0
DA:55,0
DA:58,0
DA:59,0
DA:62,0
DA:63,0
DA:66,0
DA:67,0
BRDA:67,3,0,-
BRDA:67,3,1,-
DA:68,0
DA:70,0
DA:79,0
FN:79,DeployTestnet.run.2
FNDA:0,DeployTestnet.run.2
DA:80,0
DA:82,0
DA:85,0
DA:86,0
DA:89,0
DA:90,0
DA:93,0
DA:94,0
DA:97,0
DA:98,0
DA:101,0
DA:102,0
DA:105,0
DA:106,0
DA:107,0
BRDA:107,4,0,-
BRDA:107,4,1,-
DA:108,0
DA:110,0
DA:113,0
FNF:4
FNH:0
LF:49
LH:0
BRF:9
BRH:0
end_of_record
TN:
SF:script/DeployCHIP.s.sol
DA:18,0
FN:18,DeployCHIP.run
FNDA:0,DeployCHIP.run
DA:19,0
DA:20,0
DA:23,0
DA:25,0
DA:26,0
DA:27,0
DA:28,0
DA:30,0
DA:33,0
DA:35,0
DA:36,0
DA:37,0
DA:38,0
DA:40,0
FNF:1
FNH:0
LF:15
LH:0
BRF:0
BRH:0
end_of_record
TN:
SF:script/DeploySafe.s.sol
DA:40,0
FN:40,DeploySafe.run
FNDA:0,DeploySafe.run
DA:41,0
DA:44,0
DA:45,0
DA:46,0
DA:48,0
DA:51,0
DA:64,0
DA:66,0
DA:68,0
DA:70,0
DA:72,0
DA:74,0
DA:75,0
DA:76,0
DA:77,0
DA:78,0
DA:79,0
DA:80,0
DA:81,0
DA:82,0
DA:83,0
FNF:1
FNH:0
LF:22
LH:0
BRF:0
BRH:0
end_of_record
TN:
SF:script/Withdraw.s.sol
DA:33,0
FN:33,WithdrawScript.run
FNDA:0,WithdrawScript.run
DA:34,0
DA:37,0
DA:38,0
DA:40,0
DA:41,0
DA:42,0
DA:43,0
DA:44,0
DA:45,0
DA:48,0
DA:49,0
DA:51,0
BRDA:51,0,0,-
DA:52,0
DA:53,0
DA:56,0
DA:57,0
DA:60,0
DA:61,0
DA:62,0
DA:64,0
FNF:1
FNH:0
LF:21
LH:0
BRF:1
BRH:0
end_of_record
TN:
SF:src/core/VyreCasino.sol
DA:197,0
FN:197,VyreCasino.onlyOwner
FNDA:0,VyreCasino.onlyOwner
DA:198,0
BRDA:198,0,0,-
BRDA:198,0,1,-
DA:202,0
FN:202,VyreCasino.whenNotPaused
FNDA:0,VyreCasino.whenNotPaused
DA:203,0
BRDA:203,1,0,-
BRDA:203,1,1,-
DA:207,0
FN:207,VyreCasino.onlyRegisteredGame
FNDA:0,VyreCasino.onlyRegisteredGame
DA:208,0
BRDA:208,2,0,-
BRDA:208,2,1,-
DA:214,0
FN:214,VyreCasino.constructor
FNDA:0,VyreCasino.constructor
DA:220,0
BRDA:220,3,0,-
BRDA:220,3,1,-
DA:221,0
BRDA:221,4,0,-
BRDA:221,4,1,-
DA:222,0
BRDA:222,5,0,-
BRDA:222,5,1,-
DA:224,0
DA:225,0
DA:226,0
DA:227,0
DA:230,0
DA:242,0
FN:242,VyreCasino.play
FNDA:0,VyreCasino.play
DA:249,0
BRDA:249,6,0,-
BRDA:249,6,1,-
DA:250,0
BRDA:250,7,0,-
BRDA:250,7,1,-
DA:251,0
BRDA:251,8,0,-
BRDA:251,8,1,-
DA:252,0
BRDA:252,9,0,-
BRDA:252,9,1,-
DA:258,0
DA:261,0
DA:264,0
DA:265,0
DA:267,0
DA:270,0
BRDA:270,10,0,-
DA:271,0
DA:275,0
DA:277,0
DA:292,0
FN:292,VyreCasino.setReferrer
FNDA:0,VyreCasino.setReferrer
DA:295,0
BRDA:295,11,0,-
BRDA:295,11,1,-
DA:296,0
BRDA:296,12,0,-
BRDA:296,12,1,-
DA:297,0
BRDA:297,13,0,-
BRDA:297,13,1,-
DA:299,0
DA:300,0
DA:307,0
FN:307,VyreCasino.claimReferralEarnings
FNDA:0,VyreCasino.claimReferralEarnings
DA:310,0
DA:311,0
BRDA:311,14,0,-
BRDA:311,14,1,-
DA:313,0
DA:314,0
DA:316,0
DA:321,0
FN:321,VyreCasino.registerGame
FNDA:0,VyreCasino.registerGame
DA:324,0
BRDA:324,15,0,-
BRDA:324,15,1,-
DA:325,0
DA:326,0
DA:329,0
FN:329,VyreCasino.unregisterGame
FNDA:0,VyreCasino.unregisterGame
DA:332,0
DA:333,0
DA:336,0
FN:336,VyreCasino.whitelistToken
FNDA:0,VyreCasino.whitelistToken
DA:339,0
BRDA:339,16,0,-
BRDA:339,16,1,-
DA:340,0
DA:341,0
DA:344,0
FN:344,VyreCasino.removeToken
FNDA:0,VyreCasino.removeToken
DA:347,0
BRDA:347,17,0,-
BRDA:347,17,1,-
DA:348,0
DA:349,0
DA:352,0
FN:352,VyreCasino.setHouseEdge
FNDA:0,VyreCasino.setHouseEdge
DA:355,0
BRDA:355,18,0,-
BRDA:355,18,1,-
DA:356,0
DA:357,0
DA:358,0
DA:361,0
FN:361,VyreCasino.setReferralShare
FNDA:0,VyreCasino.setReferralShare
DA:364,0
BRDA:364,19,0,-
BRDA:364,19,1,-
DA:365,0
DA:366,0
DA:367,0
DA:370,0
FN:370,VyreCasino.setXPRegistry
FNDA:0,VyreCasino.setXPRegistry
DA:373,0
DA:374,0
DA:375,0
DA:378,0
FN:378,VyreCasino.setBuybackWallet
FNDA:0,VyreCasino.setBuybackWallet
DA:381,0
DA:382,0
DA:383,0
DA:386,0
FN:386,VyreCasino.pause
FNDA:0,VyreCasino.pause
DA:387,0
DA:388,0
DA:391,0
FN:391,VyreCasino.unpause
FNDA:0,VyreCasino.unpause
DA:392,0
DA:393,0
DA:396,0
FN:396,VyreCasino.transferOwnership
FNDA:0,VyreCasino.transferOwnership
DA:399,0
BRDA:399,20,0,-
BRDA:399,20,1,-
DA:400,0
DA:401,0
DA:404,0
FN:404,VyreCasino.acceptOwnership
FNDA:0,VyreCasino.acceptOwnership
DA:405,0
BRDA:405,21,0,-
BRDA:405,21,1,-
DA:406,0
DA:407,0
DA:408,0
DA:413,0
FN:413,VyreCasino.getChipTier
FNDA:0,VyreCasino.getChipTier
DA:416,0
DA:419,0
FN:419,VyreCasino.getAvailableChipTiers
FNDA:0,VyreCasino.getAvailableChipTiers
DA:423,0
DA:424,0
DA:425,0
DA:431,0
FN:431,VyreCasino._processWin
FNDA:0,VyreCasino._processWin
DA:436,0
DA:437,0
DA:440,0
BRDA:440,22,0,-
DA:441,0
DA:443,0
BRDA:443,23,0,-
DA:445,0
DA:446,0
DA:450,0
BRDA:450,24,0,-
DA:451,0
DA:452,0
BRDA:452,25,0,-
DA:453,0
DA:460,0
BRDA:460,26,0,-
DA:461,0
DA:465,0
FN:465,VyreCasino._calculateHouseEdge
FNDA:0,VyreCasino._calculateHouseEdge
DA:468,0
DA:471,0
FN:471,VyreCasino._calculateNetPayout
FNDA:0,VyreCasino._calculateNetPayout
DA:474,0
DA:477,0
FN:477,VyreCasino._getChipTier
FNDA:0,VyreCasino._getChipTier
DA:481,0
BRDA:481,27,0,-
DA:482,0
BRDA:482,28,0,-
DA:483,0
BRDA:483,29,0,-
DA:484,0
BRDA:484,30,0,-
DA:485,0
BRDA:485,31,0,-
DA:486,0
BRDA:486,32,0,-
DA:487,0
BRDA:487,33,0,-
DA:488,0
BRDA:488,34,0,-
DA:489,0
BRDA:489,35,0,-
DA:490,0
BRDA:490,36,0,-
DA:491,0
BRDA:491,37,0,-
DA:492,0
DA:495,0
FN:495,VyreCasino._awardXP
FNDA:0,VyreCasino._awardXP
DA:499,0
BRDA:499,38,0,-
DA:500,0
DA:501,0
BRDA:501,39,0,-
DA:502,0
DA:503,0
FNF:26
FNH:0
LF:132
LH:0
BRF:61
BRH:0
end_of_record
TN:
SF:src/core/VyreTreasury.sol
DA:94,0
FN:94,VyreTreasury.onlyOwner
FNDA:0,VyreTreasury.onlyOwner
DA:95,0
BRDA:95,0,0,-
BRDA:95,0,1,-
DA:99,0
FN:99,VyreTreasury.onlyOperator
FNDA:0,VyreTreasury.onlyOperator
DA:100,0
BRDA:100,1,0,-
BRDA:100,1,1,-
DA:104,0
FN:104,VyreTreasury.notFrozen
FNDA:0,VyreTreasury.notFrozen
DA:105,0
BRDA:105,2,0,-
BRDA:105,2,1,-
DA:109,0
FN:109,VyreTreasury.withinDailyLimit
FNDA:0,VyreTreasury.withinDailyLimit
DA:114,0
BRDA:114,3,0,-
DA:115,0
DA:116,0
DA:118,0
DA:119,0
BRDA:119,4,0,-
DA:120,0
BRDA:120,5,0,-
BRDA:120,5,1,-
DA:127,0
FN:127,VyreTreasury.constructor
FNDA:0,VyreTreasury.constructor
DA:130,0
BRDA:130,6,0,-
BRDA:130,6,1,-
DA:131,0
DA:132,0
DA:143,0
FN:143,VyreTreasury.payout
FNDA:0,VyreTreasury.payout
DA:148,0
BRDA:148,7,0,-
BRDA:148,7,1,-
DA:149,0
BRDA:149,8,0,-
BRDA:149,8,1,-
DA:151,0
DA:153,0
DA:155,0
DA:163,0
FN:163,VyreTreasury.setOperator
FNDA:0,VyreTreasury.setOperator
DA:166,0
BRDA:166,9,0,-
BRDA:166,9,1,-
DA:167,0
DA:168,0
DA:176,0
FN:176,VyreTreasury.setDailyLimit
FNDA:0,VyreTreasury.setDailyLimit
DA:180,0
DA:181,0
DA:187,0
FN:187,VyreTreasury.freeze
FNDA:0,VyreTreasury.freeze
DA:188,0
DA:189,0
DA:195,0
FN:195,VyreTreasury.unfreeze
FNDA:0,VyreTreasury.unfreeze
DA:196,0
DA:197,0
DA:203,0
FN:203,VyreTreasury.queueEmergencyWithdraw
FNDA:0,VyreTreasury.queueEmergencyWithdraw
DA:208,0
DA:210,0
DA:214,0
DA:220,0
FN:220,VyreTreasury.executeEmergencyWithdraw
FNDA:0,VyreTreasury.executeEmergencyWithdraw
DA:223,0
DA:224,0
BRDA:224,10,0,-
BRDA:224,10,1,-
DA:225,0
BRDA:225,11,0,-
BRDA:225,11,1,-
DA:229,0
DA:231,0
DA:237,0
FN:237,VyreTreasury.cancelEmergencyWithdraw
FNDA:0,VyreTreasury.cancelEmergencyWithdraw
DA:240,0
BRDA:240,12,0,-
BRDA:240,12,1,-
DA:242,0
DA:248,0
FN:248,VyreTreasury.transferOwnership
FNDA:0,VyreTreasury.transferOwnership
DA:251,0
BRDA:251,13,0,-
BRDA:251,13,1,-
DA:252,0
DA:253,0
DA:256,0
FN:256,VyreTreasury.acceptOwnership
FNDA:0,VyreTreasury.acceptOwnership
DA:257,0
BRDA:257,14,0,-
BRDA:257,14,1,-
DA:258,0
DA:259,0
DA:260,0
DA:268,0
FN:268,VyreTreasury.balance
FNDA:0,VyreTreasury.balance
DA:271,0
DA:277,0
FN:277,VyreTreasury.remainingDailyLimit
FNDA:0,VyreTreasury.remainingDailyLimit
DA:280,0
DA:281,0
BRDA:281,15,0,-
DA:284,0
BRDA:284,16,0,-
DA:285,0
DA:288,0
DA:293,0
FN:293,VyreTreasury._resetDailyIfNeeded
FNDA:0,VyreTreasury._resetDailyIfNeeded
DA:294,0
BRDA:294,17,0,-
DA:295,0
FNF:18
FNH:0
LF:69
LH:0
BRF:31
BRH:0
end_of_record
TN:
SF:src/games/casino/VyreJackCore.sol
DA:219,0
FN:219,VyreJackCore.onlyCasino
FNDA:0,VyreJackCore.onlyCasino
DA:220,0
BRDA:220,0,0,-
BRDA:220,0,1,-
DA:225,0
FN:225,VyreJackCore.onlyOwner
FNDA:0,VyreJackCore.onlyOwner
DA:226,0
BRDA:226,1,0,-
BRDA:226,1,1,-
DA:231,0
FN:231,VyreJackCore.onlyVRFCoordinator
FNDA:0,VyreJackCore.onlyVRFCoordinator
DA:232,0
BRDA:232,2,0,-
BRDA:232,2,1,-
DA:245,0
FN:245,VyreJackCore.constructor
FNDA:0,VyreJackCore.constructor
DA:249,0
BRDA:249,3,0,-
BRDA:249,3,1,-
DA:250,0
DA:252,0
DA:254,0
DA:255,0
DA:267,0
FN:267,VyreJackCore.play
FNDA:0,VyreJackCore.play
DA:272,0
BRDA:272,4,0,-
BRDA:272,4,1,-
DA:273,0
BRDA:273,5,0,-
BRDA:273,5,1,-
DA:276,0
DA:277,0
DA:278,0
BRDA:278,6,0,-
DA:279,0
BRDA:279,7,0,-
DA:280,0
BRDA:280,8,0,-
BRDA:280,8,1,-
DA:283,0
DA:295,0
DA:296,0
DA:297,0
DA:299,0
DA:302,0
DA:306,0
DA:309,0
FN:309,VyreJackCore.name
FNDA:0,VyreJackCore.name
DA:310,0
DA:313,0
FN:313,VyreJackCore.minBet
FNDA:0,VyreJackCore.minBet
DA:316,0
DA:317,0
DA:320,0
FN:320,VyreJackCore.maxBet
FNDA:0,VyreJackCore.maxBet
DA:323,0
DA:324,0
DA:327,0
FN:327,VyreJackCore.isActive
FNDA:0,VyreJackCore.isActive
DA:328,0
DA:333,0
FN:333,VyreJackCore.rawFulfillRandomNumbers
FNDA:0,VyreJackCore.rawFulfillRandomNumbers
DA:337,0
DA:338,0
BRDA:338,9,0,-
BRDA:338,9,1,-
DA:339,0
BRDA:339,10,0,-
BRDA:339,10,1,-
DA:341,0
DA:342,0
DA:344,0
BRDA:344,11,0,-
BRDA:344,11,1,-
DA:345,0
DA:346,0
BRDA:346,12,0,-
BRDA:346,12,1,-
DA:347,0
DA:348,0
BRDA:348,13,0,-
DA:349,0
DA:355,0
FN:355,VyreJackCore.hit
FNDA:0,VyreJackCore.hit
DA:356,0
BRDA:356,14,0,-
BRDA:356,14,1,-
DA:357,0
DA:359,0
DA:361,0
DA:362,0
DA:363,0
DA:365,0
DA:369,0
DA:372,0
FN:372,VyreJackCore.stand
FNDA:0,VyreJackCore.stand
DA:373,0
BRDA:373,15,0,-
BRDA:373,15,1,-
DA:374,0
DA:375,0
DA:380,0
FN:380,VyreJackCore._handleInitialDeal
FNDA:0,VyreJackCore._handleInitialDeal
DA:384,0
BRDA:384,16,0,-
BRDA:384,16,1,-
DA:386,0
DA:388,0
DA:389,0
DA:390,0
DA:391,0
DA:393,0
DA:394,0
DA:395,0
DA:396,0
DA:398,0
DA:399,0
DA:400,0
DA:401,0
DA:403,0
DA:404,0
DA:406,0
DA:408,0
BRDA:408,17,0,-
BRDA:408,17,1,-
DA:409,0
DA:410,0
BRDA:410,18,0,-
BRDA:410,18,1,-
DA:411,0
DA:412,0
DA:413,0
BRDA:413,19,0,-
BRDA:413,19,1,-
DA:414,0
DA:416,0
DA:420,0
FN:420,VyreJackCore._handlePlayerHit
FNDA:0,VyreJackCore._handlePlayerHit
DA:424,0
BRDA:424,20,0,-
BRDA:424,20,1,-
DA:426,0
DA:427,0
DA:428,0
DA:430,0
DA:432,0
DA:433,0
DA:435,0
BRDA:435,21,0,-
BRDA:435,21,1,-
DA:436,0
DA:437,0
BRDA:437,22,0,-
BRDA:437,22,1,-
DA:438,0
DA:440,0
DA:444,0
FN:444,VyreJackCore._handleDealerDraw
FNDA:0,VyreJackCore._handleDealerDraw
DA:448,0
DA:450,0
DA:451,0
DA:452,0
DA:453,0
DA:456,0
DA:459,0
FN:459,VyreJackCore._playDealer
FNDA:0,VyreJackCore._playDealer
DA:462,0
DA:463,0
DA:465,0
BRDA:465,23,0,-
DA:466,0
DA:469,0
DA:470,0
DA:472,0
DA:473,0
DA:474,0
DA:476,0
DA:477,0
DA:478,0
DA:479,0
BRDA:479,24,0,-
DA:480,0
DA:481,0
DA:485,0
BRDA:485,25,0,-
BRDA:485,25,1,-
DA:486,0
DA:487,0
DA:488,0
DA:490,0
DA:494,0
DA:498,0
FN:498,VyreJackCore._resolveDealerHand
FNDA:0,VyreJackCore._resolveDealerHand
DA:501,0
DA:502,0
DA:503,0
DA:505,0
BRDA:505,26,0,-
BRDA:505,26,1,-
DA:506,0
DA:507,0
DA:510,0
DA:512,0
DA:516,0
DA:520,0
FN:520,VyreJackCore._shouldDealerHit
FNDA:0,VyreJackCore._shouldDealerHit
DA:524,0
BRDA:524,27,0,-
DA:525,0
BRDA:525,28,0,-
DA:526,0
DA:529,0
FN:529,VyreJackCore._resolveGame
FNDA:0,VyreJackCore._resolveGame
DA:532,0
DA:534,0
DA:535,0
DA:537,0
DA:538,0
DA:540,0
BRDA:540,29,0,-
BRDA:540,29,1,-
DA:541,0
DA:542,0
DA:543,0
BRDA:543,30,0,-
BRDA:543,30,1,-
DA:544,0
DA:545,0
DA:546,0
BRDA:546,31,0,-
BRDA:546,31,1,-
DA:547,0
DA:548,0
DA:550,0
DA:551,0
DA:554,0
DA:557,0
FN:557,VyreJackCore._finishGame
FNDA:0,VyreJackCore._finishGame
DA:562,0
DA:563,0
DA:566,0
DA:577,0
FN:577,VyreJackCore._randomToCard
FNDA:0,VyreJackCore._randomToCard
DA:581,0
DA:582,0
DA:585,0
FN:585,VyreJackCore.calculateHandValue
FNDA:0,VyreJackCore.calculateHandValue
DA:588,0
DA:589,0
DA:591,0
DA:592,0
DA:594,0
BRDA:594,32,0,-
BRDA:594,32,1,-
DA:595,0
DA:596,0
DA:597,0
BRDA:597,33,0,-
BRDA:597,33,1,-
DA:598,0
DA:600,0
DA:604,0
DA:605,0
DA:606,0
DA:607,0
DA:610,0
DA:615,0
FN:615,VyreJackCore.setCasino
FNDA:0,VyreJackCore.setCasino
DA:618,0
BRDA:618,34,0,-
BRDA:618,34,1,-
DA:619,0
DA:620,0
DA:621,0
DA:624,0
FN:624,VyreJackCore.setActive
FNDA:0,VyreJackCore.setActive
DA:627,0
DA:628,0
DA:631,0
FN:631,VyreJackCore.setBetLimits
FNDA:0,VyreJackCore.setBetLimits
DA:636,0
BRDA:636,35,0,-
BRDA:636,35,1,-
DA:637,0
DA:638,0
DA:639,0
DA:642,0
FN:642,VyreJackCore.setDefaultBetLimits
FNDA:0,VyreJackCore.setDefaultBetLimits
DA:646,0
BRDA:646,36,0,-
BRDA:646,36,1,-
DA:647,0
DA:648,0
DA:649,0
DA:652,0
FN:652,VyreJackCore.transferOwnership
FNDA:0,VyreJackCore.transferOwnership
DA:655,0
BRDA:655,37,0,-
BRDA:655,37,1,-
DA:656,0
DA:657,0
DA:660,0
FN:660,VyreJackCore.acceptOwnership
FNDA:0,VyreJackCore.acceptOwnership
DA:661,0
BRDA:661,38,0,-
BRDA:661,38,1,-
DA:662,0
DA:663,0
DA:664,0
DA:669,0
FN:669,VyreJackCore.getGame
FNDA:0,VyreJackCore.getGame
DA:682,0
DA:683,0
FNF:29
FNH:0
LF:215
LH:0
BRF:71
BRH:0
end_of_record
TN:
SF:src/games/standalone/VyreJackERC20.sol
DA:145,0
FN:145,VyreJackERC20.onlyVRFCoordinator
FNDA:0,VyreJackERC20.onlyVRFCoordinator
DA:146,0
BRDA:146,0,0,-
BRDA:146,0,1,-
DA:150,0
FN:150,VyreJackERC20.gameInState
FNDA:0,VyreJackERC20.gameInState
DA:154,0
BRDA:154,1,0,-
BRDA:154,1,1,-
DA:158,0
FN:158,VyreJackERC20.validBet
FNDA:0,VyreJackERC20.validBet
DA:161,0
BRDA:161,2,0,-
BRDA:161,2,1,-
DA:165,0
FN:165,VyreJackERC20.onlyOwner
FNDA:0,VyreJackERC20.onlyOwner
DA:166,0
BRDA:166,3,0,-
BRDA:166,3,1,-
DA:170,0
FN:170,VyreJackERC20.whenNotPaused
FNDA:0,VyreJackERC20.whenNotPaused
DA:171,0
BRDA:171,4,0,-
BRDA:171,4,1,-
DA:175,0
FN:175,VyreJackERC20.checkReserve
FNDA:0,VyreJackERC20.checkReserve
DA:177,0
BRDA:177,5,0,-
DA:178,0
DA:179,0
DA:180,0
DA:184,0
FN:184,VyreJackERC20.checkDailyLimit
FNDA:0,VyreJackERC20.checkDailyLimit
DA:187,0
BRDA:187,6,0,-
DA:188,0
DA:189,0
DA:191,0
BRDA:191,7,0,-
BRDA:191,7,1,-
DA:195,0
FN:195,VyreJackERC20.checkCooldown
FNDA:0,VyreJackERC20.checkCooldown
DA:198,0
BRDA:198,8,0,-
BRDA:198,8,1,-
DA:212,0
FN:212,VyreJackERC20.constructor
FNDA:0,VyreJackERC20.constructor
DA:219,0
BRDA:219,9,0,-
BRDA:219,9,1,-
DA:220,0
BRDA:220,10,0,-
BRDA:220,10,1,-
DA:221,0
BRDA:221,11,0,-
BRDA:221,11,1,-
DA:223,0
BRDA:223,12,0,-
BRDA:223,12,1,-
DA:224,0
DA:226,0
BRDA:226,13,0,-
BRDA:226,13,1,-
DA:227,0
DA:230,0
DA:231,0
DA:232,0
DA:233,0
DA:234,0
DA:235,0
DA:236,0
DA:245,0
FN:245,VyreJackERC20.placeBet
FNDA:0,VyreJackERC20.placeBet
DA:255,0
DA:258,0
DA:259,0
DA:261,0
DA:264,0
DA:267,0
BRDA:267,14,0,-
DA:268,0
DA:271,0
DA:281,0
DA:282,0
DA:284,0
DA:286,0
DA:293,0
DA:294,0
DA:300,0
FN:300,VyreJackERC20.hit
FNDA:0,VyreJackERC20.hit
DA:301,0
DA:303,0
DA:304,0
DA:309,0
DA:311,0
DA:318,0
DA:319,0
DA:325,0
FN:325,VyreJackERC20.stand
FNDA:0,VyreJackERC20.stand
DA:326,0
DA:327,0
DA:334,0
FN:334,VyreJackERC20.double
FNDA:0,VyreJackERC20.double
DA:335,0
DA:336,0
BRDA:336,15,0,-
BRDA:336,15,1,-
DA:338,0
DA:341,0
DA:343,0
DA:344,0
DA:345,0
DA:347,0
DA:349,0
DA:350,0
DA:351,0
DA:353,0
DA:360,0
DA:361,0
DA:367,0
FN:367,VyreJackERC20.surrender
FNDA:0,VyreJackERC20.surrender
DA:368,0
BRDA:368,16,0,-
BRDA:368,16,1,-
DA:370,0
DA:371,0
DA:373,0
DA:374,0
DA:375,0
DA:376,0
DA:381,0
FN:381,VyreJackERC20.rawFulfillRandomNumbers
FNDA:0,VyreJackERC20.rawFulfillRandomNumbers
DA:385,0
DA:386,0
BRDA:386,17,0,-
BRDA:386,17,1,-
DA:387,0
BRDA:387,18,0,-
BRDA:387,18,1,-
DA:389,0
DA:390,0
DA:391,0
DA:393,0
BRDA:393,19,0,-
BRDA:393,19,1,-
DA:399,0
BRDA:399,20,0,-
BRDA:399,20,1,-
DA:400,0
DA:401,0
BRDA:401,21,0,-
BRDA:401,21,1,-
DA:402,0
DA:403,0
BRDA:403,22,0,-
DA:404,0
DA:410,0
FN:410,VyreJackERC20._handleInitialDeal
FNDA:0,VyreJackERC20._handleInitialDeal
DA:414,0
BRDA:414,23,0,-
BRDA:414,23,1,-
DA:416,0
DA:418,0
DA:419,0
DA:420,0
DA:421,0
DA:423,0
DA:424,0
DA:425,0
DA:426,0
DA:428,0
DA:429,0
DA:430,0
DA:431,0
DA:433,0
DA:434,0
DA:436,0
DA:438,0
BRDA:438,24,0,-
BRDA:438,24,1,-
DA:439,0
DA:440,0
DA:441,0
DA:442,0
DA:443,0
DA:444,0
BRDA:444,25,0,-
BRDA:444,25,1,-
DA:445,0
DA:446,0
DA:447,0
DA:448,0
DA:449,0
DA:450,0
BRDA:450,26,0,-
BRDA:450,26,1,-
DA:451,0
DA:452,0
DA:453,0
DA:454,0
DA:455,0
DA:457,0
DA:461,0
FN:461,VyreJackERC20._handlePlayerHit
FNDA:0,VyreJackERC20._handlePlayerHit
DA:465,0
BRDA:465,27,0,-
BRDA:465,27,1,-
DA:467,0
DA:468,0
DA:469,0
DA:471,0
DA:473,0
DA:474,0
DA:476,0
BRDA:476,28,0,-
BRDA:476,28,1,-
DA:477,0
DA:478,0
DA:479,0
DA:480,0
BRDA:480,29,0,-
BRDA:480,29,1,-
DA:481,0
DA:483,0
BRDA:483,30,0,-
BRDA:483,30,1,-
DA:484,0
DA:486,0
DA:491,0
FN:491,VyreJackERC20._handleDealerDraw
FNDA:0,VyreJackERC20._handleDealerDraw
DA:495,0
DA:497,0
DA:498,0
DA:499,0
DA:500,0
DA:503,0
DA:508,0
FN:508,VyreJackERC20._playDealer
FNDA:0,VyreJackERC20._playDealer
DA:511,0
DA:512,0
DA:514,0
BRDA:514,31,0,-
DA:515,0
DA:518,0
DA:519,0
DA:521,0
DA:522,0
DA:523,0
DA:525,0
DA:526,0
DA:527,0
DA:528,0
BRDA:528,32,0,-
DA:529,0
DA:530,0
DA:534,0
BRDA:534,33,0,-
BRDA:534,33,1,-
DA:535,0
DA:536,0
DA:537,0
DA:539,0
DA:546,0
DA:548,0
DA:552,0
FN:552,VyreJackERC20._resolveDealerHand
FNDA:0,VyreJackERC20._resolveDealerHand
DA:555,0
DA:557,0
DA:558,0
DA:560,0
BRDA:560,34,0,-
BRDA:560,34,1,-
DA:561,0
DA:562,0
DA:565,0
DA:567,0
DA:574,0
DA:576,0
DA:580,0
FN:580,VyreJackERC20._shouldDealerHit
FNDA:0,VyreJackERC20._shouldDealerHit
DA:584,0
BRDA:584,35,0,-
DA:585,0
BRDA:585,36,0,-
DA:586,0
DA:589,0
FN:589,VyreJackERC20._resolveGame
FNDA:0,VyreJackERC20._resolveGame
DA:592,0
DA:594,0
DA:595,0
DA:597,0
DA:598,0
DA:600,0
BRDA:600,37,0,-
BRDA:600,37,1,-
DA:601,0
DA:602,0
DA:603,0
BRDA:603,38,0,-
BRDA:603,38,1,-
DA:604,0
DA:605,0
DA:606,0
BRDA:606,39,0,-
BRDA:606,39,1,-
DA:607,0
DA:608,0
DA:610,0
DA:611,0
DA:614,0
DA:615,0
BRDA:615,40,0,-
BRDA:615,40,1,-
DA:616,0
DA:618,0
DA:621,0
BRDA:621,41,0,-
DA:622,0
DA:623,0
DA:625,0
BRDA:625,42,0,-
DA:626,0
DA:629,0
DA:632,0
DA:633,0
DA:635,0
BRDA:635,43,0,-
DA:636,0
DA:640,0
FN:640,VyreJackERC20._resetGame
FNDA:0,VyreJackERC20._resetGame
DA:646,0
FN:646,VyreJackERC20._emitGameEnded
FNDA:0,VyreJackERC20._emitGameEnded
DA:651,0
DA:652,0
DA:653,0
DA:655,0
DA:669,0
FN:669,VyreJackERC20._safePayout
FNDA:0,VyreJackERC20._safePayout
DA:673,0
BRDA:673,44,0,-
DA:674,0
DA:678,0
FN:678,VyreJackERC20._trackHouseLoss
FNDA:0,VyreJackERC20._trackHouseLoss
DA:681,0
BRDA:681,45,0,-
DA:682,0
DA:683,0
DA:686,0
DA:688,0
BRDA:688,46,0,-
DA:689,0
DA:690,0
DA:691,0
DA:695,0
FN:695,VyreJackERC20._getBalance
FNDA:0,VyreJackERC20._getBalance
DA:696,0
DA:701,0
FN:701,VyreJackERC20._randomToCard
FNDA:0,VyreJackERC20._randomToCard
DA:704,0
DA:707,0
FN:707,VyreJackERC20.calculateHandValue
FNDA:0,VyreJackERC20.calculateHandValue
DA:710,0
DA:711,0
DA:712,0
DA:714,0
DA:715,0
DA:717,0
BRDA:717,47,0,-
BRDA:717,47,1,-
DA:719,0
DA:721,0
DA:722,0
BRDA:722,48,0,-
BRDA:722,48,1,-
DA:723,0
DA:726,0
DA:730,0
DA:734,0
DA:736,0
DA:737,0
DA:741,0
DA:744,0
FN:744,VyreJackERC20.getCardInfo
FNDA:0,VyreJackERC20.getCardInfo
DA:747,0
DA:752,0
FN:752,VyreJackERC20.getGameState
FNDA:0,VyreJackERC20.getGameState
DA:755,0
DA:758,0
FN:758,VyreJackERC20.getPlayerHandValue
FNDA:0,VyreJackERC20.getPlayerHandValue
DA:761,0
DA:764,0
FN:764,VyreJackERC20.getDealerVisibleValue
FNDA:0,VyreJackERC20.getDealerVisibleValue
DA:767,0
DA:768,0
BRDA:768,49,0,-
DA:770,0
BRDA:770,50,0,-
BRDA:770,50,1,-
DA:771,0
DA:772,0
DA:773,0
DA:775,0
DA:781,0
FN:781,VyreJackERC20.withdraw
FNDA:0,VyreJackERC20.withdraw
DA:782,0
DA:783,0
BRDA:783,51,0,-
BRDA:783,51,1,-
DA:785,0
DA:786,0
DA:789,0
FN:789,VyreJackERC20.cancelTimedOutGame
FNDA:0,VyreJackERC20.cancelTimedOutGame
DA:792,0
DA:793,0
BRDA:793,52,0,-
BRDA:793,52,1,-
DA:794,0
BRDA:794,53,0,-
BRDA:794,53,1,-
DA:796,0
DA:798,0
DA:799,0
BRDA:799,54,0,-
BRDA:799,54,1,-
DA:800,0
DA:802,0
DA:805,0
DA:806,0
DA:808,0
BRDA:808,55,0,-
DA:809,0
DA:815,0
FN:815,VyreJackERC20.retryVRFRequest
FNDA:0,VyreJackERC20.retryVRFRequest
DA:818,0
DA:819,0
BRDA:819,56,0,-
BRDA:819,56,1,-
DA:820,0
BRDA:820,57,0,-
BRDA:820,57,1,-
DA:821,0
BRDA:821,58,0,-
BRDA:821,58,1,-
DA:823,0
DA:824,0
DA:826,0
DA:828,0
DA:829,0
DA:830,0
DA:832,0
DA:834,0
DA:838,0
DA:839,0
DA:842,0
FN:842,VyreJackERC20.forceResolveGame
FNDA:0,VyreJackERC20.forceResolveGame
DA:845,0
DA:846,0
BRDA:846,59,0,-
BRDA:846,59,1,-
DA:848,0
DA:849,0
DA:851,0
BRDA:851,60,0,-
BRDA:851,60,1,-
DA:852,0
DA:854,0
DA:857,0
DA:858,0
DA:860,0
BRDA:860,61,0,-
DA:861,0
DA:867,0
FN:867,VyreJackERC20.setBetLimits
FNDA:0,VyreJackERC20.setBetLimits
DA:871,0
BRDA:871,62,0,-
BRDA:871,62,1,-
DA:872,0
BRDA:872,63,0,-
BRDA:872,63,1,-
DA:873,0
DA:874,0
DA:875,0
DA:878,0
FN:878,VyreJackERC20.withdrawHouseFunds
FNDA:0,VyreJackERC20.withdrawHouseFunds
DA:881,0
BRDA:881,64,0,-
BRDA:881,64,1,-
DA:882,0
BRDA:882,65,0,-
BRDA:882,65,1,-
DA:883,0
DA:886,0
FN:886,VyreJackERC20.transferOwnership
FNDA:0,VyreJackERC20.transferOwnership
DA:889,0
BRDA:889,66,0,-
BRDA:889,66,1,-
DA:890,0
DA:891,0
DA:892,0
DA:895,0
FN:895,VyreJackERC20.pause
FNDA:0,VyreJackERC20.pause
DA:896,0
DA:897,0
DA:900,0
FN:900,VyreJackERC20.unpause
FNDA:0,VyreJackERC20.unpause
DA:901,0
BRDA:901,67,0,-
BRDA:901,67,1,-
DA:902,0
DA:903,0
DA:904,0
DA:905,0
DA:908,0
FN:908,VyreJackERC20.setDailyProfitLimit
FNDA:0,VyreJackERC20.setDailyProfitLimit
DA:911,0
BRDA:911,68,0,-
BRDA:911,68,1,-
DA:912,0
DA:915,0
FN:915,VyreJackERC20.setMinReserve
FNDA:0,VyreJackERC20.setMinReserve
DA:918,0
DA:921,0
FN:921,VyreJackERC20.setVRFTimeout
FNDA:0,VyreJackERC20.setVRFTimeout
DA:924,0
BRDA:924,69,0,-
BRDA:924,69,1,-
DA:925,0
DA:928,0
FN:928,VyreJackERC20.setGameCooldown
FNDA:0,VyreJackERC20.setGameCooldown
DA:931,0
BRDA:931,70,0,-
BRDA:931,70,1,-
DA:932,0
DA:935,0
FN:935,VyreJackERC20.getHouseStats
FNDA:0,VyreJackERC20.getHouseStats
DA:946,0
FNF:47
FNH:0
LF:365
LH:0
BRF:125
BRH:0
end_of_record
TN:
SF:src/games/standalone/VyreJackETH.sol
DA:212,0
FN:212,VyreJackETH.onlyVRFCoordinator
FNDA:0,VyreJackETH.onlyVRFCoordinator
DA:213,0
BRDA:213,0,0,-
BRDA:213,0,1,-
DA:217,0
FN:217,VyreJackETH.gameInState
FNDA:0,VyreJackETH.gameInState
DA:221,0
BRDA:221,1,0,-
BRDA:221,1,1,-
DA:225,0
FN:225,VyreJackETH.validBet
FNDA:0,VyreJackETH.validBet
DA:226,0
BRDA:226,2,0,-
BRDA:226,2,1,-
DA:230,0
FN:230,VyreJackETH.onlyOwner
FNDA:0,VyreJackETH.onlyOwner
DA:231,0
BRDA:231,3,0,-
BRDA:231,3,1,-
DA:235,0
FN:235,VyreJackETH.whenNotPaused
FNDA:0,VyreJackETH.whenNotPaused
DA:236,0
BRDA:236,4,0,-
BRDA:236,4,1,-
DA:240,0
FN:240,VyreJackETH.checkReserve
FNDA:0,VyreJackETH.checkReserve
DA:243,0
BRDA:243,5,0,-
DA:244,0
DA:245,0
DA:246,0
DA:250,0
FN:250,VyreJackETH.checkDailyLimit
FNDA:0,VyreJackETH.checkDailyLimit
DA:254,0
BRDA:254,6,0,-
DA:255,0
DA:256,0
DA:258,0
BRDA:258,7,0,-
BRDA:258,7,1,-
DA:262,0
FN:262,VyreJackETH.checkCooldown
FNDA:0,VyreJackETH.checkCooldown
DA:265,0
BRDA:265,8,0,-
BRDA:265,8,1,-
DA:276,0
FN:276,VyreJackETH.constructor
FNDA:0,VyreJackETH.constructor
DA:280,0
BRDA:280,9,0,-
BRDA:280,9,1,-
DA:282,0
BRDA:282,10,0,-
BRDA:282,10,1,-
DA:283,0
DA:285,0
BRDA:285,11,0,-
BRDA:285,11,1,-
DA:286,0
DA:288,0
DA:289,0
DA:298,0
FN:298,VyreJackETH.placeBet
FNDA:0,VyreJackETH.placeBet
DA:308,0
DA:311,0
DA:312,0
DA:315,0
DA:318,0
BRDA:318,12,0,-
DA:319,0
DA:320,0
BRDA:320,13,0,-
BRDA:320,13,1,-
DA:324,0
DA:335,0
DA:336,0
DA:338,0
DA:340,0
DA:347,0
DA:348,0
DA:354,0
FN:354,VyreJackETH.hit
FNDA:0,VyreJackETH.hit
DA:355,0
DA:357,0
DA:358,0
DA:363,0
DA:365,0
DA:372,0
DA:373,0
DA:379,0
FN:379,VyreJackETH.stand
FNDA:0,VyreJackETH.stand
DA:380,0
DA:381,0
DA:387,0
FN:387,VyreJackETH.double
FNDA:0,VyreJackETH.double
DA:388,0
BRDA:388,14,0,-
BRDA:388,14,1,-
DA:389,0
BRDA:389,15,0,-
BRDA:389,15,1,-
DA:391,0
DA:392,0
DA:393,0
DA:400,0
DA:402,0
DA:403,0
DA:404,0
DA:406,0
DA:413,0
DA:414,0
DA:420,0
FN:420,VyreJackETH.surrender
FNDA:0,VyreJackETH.surrender
DA:421,0
BRDA:421,16,0,-
BRDA:421,16,1,-
DA:423,0
DA:424,0
DA:426,0
DA:427,0
DA:430,0
DA:433,0
DA:443,0
FN:443,VyreJackETH.rawFulfillRandomNumbers
FNDA:0,VyreJackETH.rawFulfillRandomNumbers
DA:447,0
DA:448,0
BRDA:448,17,0,-
BRDA:448,17,1,-
DA:449,0
BRDA:449,18,0,-
BRDA:449,18,1,-
DA:451,0
DA:452,0
DA:453,0
DA:456,0
BRDA:456,19,0,-
BRDA:456,19,1,-
DA:462,0
BRDA:462,20,0,-
BRDA:462,20,1,-
DA:463,0
DA:464,0
BRDA:464,21,0,-
BRDA:464,21,1,-
DA:465,0
DA:466,0
BRDA:466,22,0,-
DA:467,0
DA:473,0
FN:473,VyreJackETH._handleInitialDeal
FNDA:0,VyreJackETH._handleInitialDeal
DA:477,0
BRDA:477,23,0,-
BRDA:477,23,1,-
DA:479,0
DA:482,0
DA:483,0
DA:484,0
DA:485,0
DA:487,0
DA:488,0
DA:489,0
DA:490,0
DA:492,0
DA:493,0
DA:494,0
DA:495,0
DA:498,0
DA:499,0
DA:501,0
DA:503,0
BRDA:503,24,0,-
BRDA:503,24,1,-
DA:505,0
DA:506,0
DA:507,0
DA:508,0
DA:509,0
DA:510,0
BRDA:510,25,0,-
BRDA:510,25,1,-
DA:512,0
DA:513,0
DA:514,0
DA:515,0
DA:516,0
DA:517,0
BRDA:517,26,0,-
BRDA:517,26,1,-
DA:519,0
DA:520,0
DA:521,0
DA:522,0
DA:523,0
DA:526,0
DA:530,0
FN:530,VyreJackETH._handlePlayerHit
FNDA:0,VyreJackETH._handlePlayerHit
DA:534,0
BRDA:534,27,0,-
BRDA:534,27,1,-
DA:536,0
DA:537,0
DA:538,0
DA:540,0
DA:542,0
DA:543,0
DA:545,0
BRDA:545,28,0,-
BRDA:545,28,1,-
DA:547,0
DA:548,0
DA:549,0
DA:550,0
BRDA:550,29,0,-
BRDA:550,29,1,-
DA:552,0
DA:555,0
BRDA:555,30,0,-
BRDA:555,30,1,-
DA:557,0
DA:559,0
DA:564,0
FN:564,VyreJackETH._handleDealerDraw
FNDA:0,VyreJackETH._handleDealerDraw
DA:568,0
DA:571,0
DA:572,0
DA:573,0
DA:574,0
DA:577,0
DA:582,0
FN:582,VyreJackETH._playDealer
FNDA:0,VyreJackETH._playDealer
DA:585,0
DA:586,0
DA:589,0
BRDA:589,31,0,-
DA:590,0
DA:593,0
DA:594,0
DA:597,0
DA:598,0
DA:599,0
DA:600,0
DA:601,0
DA:602,0
DA:606,0
DA:607,0
DA:609,0
DA:610,0
BRDA:610,32,0,-
DA:611,0
DA:612,0
DA:616,0
BRDA:616,33,0,-
BRDA:616,33,1,-
DA:618,0
DA:619,0
DA:620,0
DA:622,0
DA:629,0
DA:632,0
DA:636,0
FN:636,VyreJackETH._resolveDealerHand
FNDA:0,VyreJackETH._resolveDealerHand
DA:639,0
DA:641,0
DA:642,0
DA:645,0
BRDA:645,34,0,-
BRDA:645,34,1,-
DA:647,0
DA:648,0
DA:651,0
DA:653,0
DA:660,0
DA:662,0
DA:666,0
FN:666,VyreJackETH._shouldDealerHit
FNDA:0,VyreJackETH._shouldDealerHit
DA:671,0
BRDA:671,35,0,-
DA:672,0
BRDA:672,36,0,-
DA:673,0
DA:676,0
FN:676,VyreJackETH._resolveGame
FNDA:0,VyreJackETH._resolveGame
DA:679,0
DA:681,0
DA:682,0
DA:684,0
DA:685,0
DA:687,0
BRDA:687,37,0,-
BRDA:687,37,1,-
DA:689,0
DA:690,0
DA:691,0
BRDA:691,38,0,-
BRDA:691,38,1,-
DA:693,0
DA:694,0
DA:695,0
BRDA:695,39,0,-
BRDA:695,39,1,-
DA:697,0
DA:698,0
DA:701,0
DA:702,0
DA:706,0
DA:707,0
BRDA:707,40,0,-
BRDA:707,40,1,-
DA:708,0
DA:710,0
DA:714,0
BRDA:714,41,0,-
DA:715,0
DA:716,0
DA:719,0
BRDA:719,42,0,-
DA:720,0
DA:724,0
DA:727,0
DA:728,0
DA:730,0
BRDA:730,43,0,-
DA:731,0
DA:735,0
FN:735,VyreJackETH._resetGame
FNDA:0,VyreJackETH._resetGame
DA:745,0
FN:745,VyreJackETH._emitGameEnded
FNDA:0,VyreJackETH._emitGameEnded
DA:750,0
DA:751,0
DA:752,0
DA:754,0
DA:771,0
FN:771,VyreJackETH._safePayout
FNDA:0,VyreJackETH._safePayout
DA:775,0
DA:776,0
BRDA:776,44,0,-
DA:778,0
DA:779,0
DA:787,0
FN:787,VyreJackETH._trackHouseLoss
FNDA:0,VyreJackETH._trackHouseLoss
DA:791,0
BRDA:791,45,0,-
DA:792,0
DA:793,0
DA:796,0
DA:799,0
BRDA:799,46,0,-
DA:800,0
DA:801,0
DA:802,0
DA:813,0
FN:813,VyreJackETH._randomToCard
FNDA:0,VyreJackETH._randomToCard
DA:816,0
DA:825,0
FN:825,VyreJackETH.calculateHandValue
FNDA:0,VyreJackETH.calculateHandValue
DA:828,0
DA:829,0
DA:830,0
DA:832,0
DA:833,0
DA:835,0
BRDA:835,47,0,-
BRDA:835,47,1,-
DA:838,0
DA:840,0
DA:841,0
BRDA:841,48,0,-
BRDA:841,48,1,-
DA:843,0
DA:847,0
DA:851,0
DA:856,0
DA:858,0
DA:859,0
DA:863,0
DA:872,0
FN:872,VyreJackETH.getCardInfo
FNDA:0,VyreJackETH.getCardInfo
DA:875,0
DA:883,0
FN:883,VyreJackETH.getGameState
FNDA:0,VyreJackETH.getGameState
DA:886,0
DA:892,0
FN:892,VyreJackETH.getPlayerHandValue
FNDA:0,VyreJackETH.getPlayerHandValue
DA:895,0
DA:901,0
FN:901,VyreJackETH.getDealerVisibleValue
FNDA:0,VyreJackETH.getDealerVisibleValue
DA:904,0
DA:905,0
BRDA:905,49,0,-
DA:908,0
BRDA:908,50,0,-
BRDA:908,50,1,-
DA:909,0
DA:910,0
DA:911,0
DA:913,0
DA:923,0
FN:923,VyreJackETH.withdraw
FNDA:0,VyreJackETH.withdraw
DA:924,0
DA:925,0
BRDA:925,51,0,-
BRDA:925,51,1,-
DA:927,0
DA:928,0
DA:930,0
DA:931,0
BRDA:931,52,0,-
BRDA:931,52,1,-
DA:939,0
FN:939,VyreJackETH.cancelTimedOutGame
FNDA:0,VyreJackETH.cancelTimedOutGame
DA:942,0
DA:943,0
BRDA:943,53,0,-
BRDA:943,53,1,-
DA:944,0
BRDA:944,54,0,-
BRDA:944,54,1,-
DA:946,0
DA:949,0
DA:950,0
BRDA:950,55,0,-
BRDA:950,55,1,-
DA:951,0
DA:953,0
DA:956,0
DA:957,0
DA:960,0
BRDA:960,56,0,-
DA:961,0
DA:972,0
FN:972,VyreJackETH.retryVRFRequest
FNDA:0,VyreJackETH.retryVRFRequest
DA:975,0
DA:976,0
BRDA:976,57,0,-
BRDA:976,57,1,-
DA:977,0
BRDA:977,58,0,-
BRDA:977,58,1,-
DA:978,0
BRDA:978,59,0,-
BRDA:978,59,1,-
DA:980,0
DA:981,0
DA:984,0
DA:987,0
DA:988,0
DA:989,0
DA:991,0
BRDA:991,60,0,-
BRDA:991,60,1,-
DA:992,0
DA:994,0
DA:997,0
DA:999,0
DA:1003,0
DA:1004,0
DA:1012,0
FN:1012,VyreJackETH.forceResolveGame
FNDA:0,VyreJackETH.forceResolveGame
DA:1015,0
DA:1016,0
BRDA:1016,61,0,-
BRDA:1016,61,1,-
DA:1019,0
DA:1022,0
DA:1025,0
BRDA:1025,62,0,-
BRDA:1025,62,1,-
DA:1026,0
DA:1028,0
DA:1031,0
DA:1032,0
DA:1035,0
BRDA:1035,63,0,-
DA:1036,0
DA:1042,0
FN:1042,VyreJackETH.setBetLimits
FNDA:0,VyreJackETH.setBetLimits
DA:1046,0
BRDA:1046,64,0,-
BRDA:1046,64,1,-
DA:1047,0
BRDA:1047,65,0,-
BRDA:1047,65,1,-
DA:1048,0
DA:1049,0
DA:1050,0
DA:1053,0
FN:1053,VyreJackETH.withdrawHouseFunds
FNDA:0,VyreJackETH.withdrawHouseFunds
DA:1056,0
BRDA:1056,66,0,-
BRDA:1056,66,1,-
DA:1057,0
BRDA:1057,67,0,-
BRDA:1057,67,1,-
DA:1058,0
DA:1059,0
BRDA:1059,68,0,-
BRDA:1059,68,1,-
DA:1062,0
FN:1062,VyreJackETH.transferOwnership
FNDA:0,VyreJackETH.transferOwnership
DA:1065,0
BRDA:1065,69,0,-
BRDA:1065,69,1,-
DA:1066,0
DA:1067,0
DA:1068,0
DA:1076,0
FN:1076,VyreJackETH.pause
FNDA:0,VyreJackETH.pause
DA:1077,0
DA:1078,0
DA:1085,0
FN:1085,VyreJackETH.unpause
FNDA:0,VyreJackETH.unpause
DA:1086,0
BRDA:1086,70,0,-
BRDA:1086,70,1,-
DA:1087,0
DA:1089,0
DA:1090,0
DA:1091,0
DA:1097,0
FN:1097,VyreJackETH.setDailyProfitLimit
FNDA:0,VyreJackETH.setDailyProfitLimit
DA:1100,0
BRDA:1100,71,0,-
BRDA:1100,71,1,-
DA:1101,0
DA:1102,0
DA:1108,0
FN:1108,VyreJackETH.setMinReserve
FNDA:0,VyreJackETH.setMinReserve
DA:1111,0
DA:1112,0
DA:1119,0
FN:1119,VyreJackETH.setVRFTimeout
FNDA:0,VyreJackETH.setVRFTimeout
DA:1122,0
BRDA:1122,72,0,-
BRDA:1122,72,1,-
DA:1123,0
DA:1124,0
DA:1131,0
FN:1131,VyreJackETH.setGameCooldown
FNDA:0,VyreJackETH.setGameCooldown
DA:1134,0
BRDA:1134,73,0,-
BRDA:1134,73,1,-
DA:1135,0
DA:1136,0
DA:1142,0
FN:1142,VyreJackETH.getHouseStats
FNDA:0,VyreJackETH.getHouseStats
DA:1153,0
FNF:46
FNH:0
LF:369
LH:0
BRF:131
BRH:0
end_of_record
TN:
SF:src/mocks/MockToken.sol
DA:7,0
FN:7,MockToken.constructor
FNDA:0,MockToken.constructor
DA:11,0
FNF:1
FNH:0
LF:2
LH:0
BRF:0
BRH:0
end_of_record
TN:
SF:src/mocks/MockVRFCoordinator.sol
DA:53,0
FN:53,MockVRFCoordinator.requestRandomNumbers
FNDA:0,MockVRFCoordinator.requestRandomNumbers
DA:57,0
DA:58,0
DA:61,0
DA:62,0
DA:64,0
DA:66,0
DA:77,0
FN:77,MockVRFCoordinator.fulfillRequest
FNDA:0,MockVRFCoordinator.fulfillRequest
DA:81,0
DA:82,0
BRDA:82,0,0,-
BRDA:82,0,1,-
DA:83,0
BRDA:83,1,0,-
BRDA:83,1,1,-
DA:84,0
BRDA:84,2,0,-
BRDA:84,2,1,-
DA:86,0
DA:88,0
DA:91,0
DA:100,0
FN:100,MockVRFCoordinator.fulfillRequestWithSeed
FNDA:0,MockVRFCoordinator.fulfillRequestWithSeed
DA:104,0
DA:105,0
BRDA:105,3,0,-
BRDA:105,3,1,-
DA:106,0
BRDA:106,4,0,-
BRDA:106,4,1,-
DA:108,0
DA:109,0
DA:111,0
DA:112,0
DA:115,0
DA:117,0
DA:120,0
DA:128,0
FN:128,MockVRFCoordinator.getRequest
FNDA:0,MockVRFCoordinator.getRequest
DA:131,0
DA:141,0
FN:141,MockVRFCoordinator.hasPendingRequests
FNDA:0,MockVRFCoordinator.hasPendingRequests
DA:142,0
DA:143,0
BRDA:143,5,0,-
DA:144,0
DA:147,0
DA:153,0
FN:153,MockVRFCoordinator.getPendingRequests
FNDA:0,MockVRFCoordinator.getPendingRequests
DA:154,0
DA:155,0
DA:156,0
BRDA:156,6,0,-
DA:157,0
DA:161,0
DA:162,0
DA:163,0
DA:164,0
BRDA:164,7,0,-
DA:165,0
DA:166,0
DA:170,0
FNF:6
FNH:0
LF:45
LH:0
BRF:13
BRH:0
end_of_record
TN:
SF:src/mocks/MockWETH.sol
DA:9,0
FN:9,MockWETH.deposit
FNDA:0,MockWETH.deposit
DA:10,0
DA:13,0
FN:13,MockWETH.withdraw
FNDA:0,MockWETH.withdraw
DA:16,0
DA:17,0
DA:20,0
FN:20,MockWETH.receive
FNDA:0,MockWETH.receive
DA:21,0
FNF:3
FNH:0
LF:7
LH:0
BRF:0
BRH:0
end_of_record
TN:
SF:src/oracles/PriceOracle.sol
DA:77,0
FN:77,PriceOracle.onlyOwner
FNDA:0,PriceOracle.onlyOwner
DA:78,0
BRDA:78,0,0,-
BRDA:78,0,1,-
DA:84,0
FN:84,PriceOracle.constructor
FNDA:0,PriceOracle.constructor
DA:88,0
BRDA:88,1,0,-
BRDA:88,1,1,-
DA:89,0
BRDA:89,2,0,-
BRDA:89,2,1,-
DA:90,0
DA:91,0
DA:101,0
FN:101,PriceOracle.registerToken
FNDA:0,PriceOracle.registerToken
DA:105,0
BRDA:105,3,0,-
BRDA:105,3,1,-
DA:106,0
BRDA:106,4,0,-
BRDA:106,4,1,-
DA:107,0
BRDA:107,5,0,-
BRDA:107,5,1,-
DA:109,0
DA:110,0
DA:112,0
BRDA:112,6,0,-
BRDA:112,6,1,-
DA:117,0
DA:118,0
DA:119,0
DA:120,0
DA:121,0
DA:122,0
DA:124,0
DA:127,0
DA:129,0
DA:137,0
FN:137,PriceOracle.updatePrice
FNDA:0,PriceOracle.updatePrice
DA:140,0
DA:141,0
DA:144,0
FN:144,PriceOracle._recordObservation
FNDA:0,PriceOracle._recordObservation
DA:147,0
DA:148,0
BRDA:148,7,0,-
BRDA:148,7,1,-
DA:150,0
DA:151,0
DA:153,0
DA:154,0
BRDA:154,8,0,-
BRDA:154,8,1,-
DA:157,0
DA:161,0
DA:164,0
DA:165,0
DA:167,0
DA:175,0
BRDA:175,9,0,-
DA:177,0
DA:178,0
DA:180,0
DA:184,0
FN:184,PriceOracle._updateTWAP
FNDA:0,PriceOracle._updateTWAP
DA:187,0
DA:188,0
BRDA:188,10,0,-
DA:190,0
DA:191,0
DA:193,0
DA:194,0
BRDA:194,11,0,-
DA:196,0
DA:197,0
BRDA:197,12,0,-
BRDA:197,12,1,-
DA:199,0
DA:202,0
DA:206,0
BRDA:206,13,0,-
DA:207,0
DA:208,0
BRDA:208,14,0,-
BRDA:208,14,1,-
DA:209,0
DA:211,0
DA:214,0
BRDA:214,15,0,-
DA:215,0
DA:216,0
DA:217,0
DA:221,0
DA:222,0
DA:234,0
FN:234,PriceOracle.getPrice
FNDA:0,PriceOracle.getPrice
DA:238,0
DA:240,0
BRDA:240,16,0,-
DA:241,0
DA:245,0
DA:246,0
DA:247,0
DA:249,0
BRDA:249,17,0,-
DA:250,0
DA:253,0
DA:254,0
DA:255,0
DA:258,0
FN:258,PriceOracle._getSpotPrice
FNDA:0,PriceOracle._getSpotPrice
DA:261,0
DA:262,0
DA:263,0
DA:265,0
BRDA:265,18,0,-
BRDA:265,18,1,-
DA:266,0
DA:268,0
DA:272,0
FN:272,PriceOracle.getSpotPrice
FNDA:0,PriceOracle.getSpotPrice
DA:275,0
DA:278,0
FN:278,PriceOracle.getTWAP
FNDA:0,PriceOracle.getTWAP
DA:281,0
DA:284,0
FN:284,PriceOracle.isPaused
FNDA:0,PriceOracle.isPaused
DA:287,0
DA:292,0
FN:292,PriceOracle.resetCircuitBreaker
FNDA:0,PriceOracle.resetCircuitBreaker
DA:295,0
DA:296,0
BRDA:296,19,0,-
BRDA:296,19,1,-
DA:297,0
DA:298,0
DA:301,0
FN:301,PriceOracle.setCircuitBreakerThreshold
FNDA:0,PriceOracle.setCircuitBreakerThreshold
DA:304,0
BRDA:304,20,0,-
BRDA:304,20,1,-
DA:305,0
DA:308,0
FN:308,PriceOracle.setMinLiquidity
FNDA:0,PriceOracle.setMinLiquidity
DA:311,0
DA:314,0
FN:314,PriceOracle.transferOwnership
FNDA:0,PriceOracle.transferOwnership
DA:317,0
BRDA:317,21,0,-
BRDA:317,21,1,-
DA:318,0
FNF:15
FNH:0
LF:102
LH:0
BRF:37
BRH:0
end_of_record
TN:
SF:src/registries/ReferralRegistry.sol
DA:97,0
FN:97,ReferralRegistry.onlyOwner
FNDA:0,ReferralRegistry.onlyOwner
DA:98,0
BRDA:98,0,0,-
BRDA:98,0,1,-
DA:102,0
FN:102,ReferralRegistry.onlyAuthorized
FNDA:0,ReferralRegistry.onlyAuthorized
DA:103,0
BRDA:103,1,0,-
BRDA:103,1,1,-
DA:109,0
FN:109,ReferralRegistry.constructor
FNDA:0,ReferralRegistry.constructor
DA:113,0
BRDA:113,2,0,-
BRDA:113,2,1,-
DA:114,0
BRDA:114,3,0,-
BRDA:114,3,1,-
DA:115,0
DA:116,0
DA:125,0
FN:125,ReferralRegistry.setReferrer
FNDA:0,ReferralRegistry.setReferrer
DA:128,0
BRDA:128,4,0,-
BRDA:128,4,1,-
DA:129,0
BRDA:129,5,0,-
BRDA:129,5,1,-
DA:131,0
BRDA:131,6,0,-
DA:132,0
BRDA:132,7,0,-
BRDA:132,7,1,-
DA:135,0
DA:136,0
DA:137,0
DA:139,0
DA:146,0
FN:146,ReferralRegistry.claimEarnings
FNDA:0,ReferralRegistry.claimEarnings
DA:149,0
DA:150,0
BRDA:150,8,0,-
BRDA:150,8,1,-
DA:152,0
DA:153,0
DA:155,0
DA:157,0
DA:169,0
FN:169,ReferralRegistry.recordEarnings
FNDA:0,ReferralRegistry.recordEarnings
DA:175,0
BRDA:175,9,0,-
DA:178,0
DA:179,0
BRDA:179,10,0,-
DA:180,0
DA:181,0
BRDA:181,11,0,-
DA:182,0
DA:183,0
DA:184,0
DA:188,0
DA:189,0
BRDA:189,12,0,-
DA:190,0
DA:191,0
BRDA:191,13,0,-
DA:192,0
DA:193,0
DA:206,0
FN:206,ReferralRegistry.getReferralTree
FNDA:0,ReferralRegistry.getReferralTree
DA:209,0
DA:210,0
BRDA:210,14,0,-
DA:211,0
DA:218,0
FN:218,ReferralRegistry.pendingEarnings
FNDA:0,ReferralRegistry.pendingEarnings
DA:222,0
DA:228,0
FN:228,ReferralRegistry.getReferrerStats
FNDA:0,ReferralRegistry.getReferrerStats
DA:241,0
DA:242,0
DA:243,0
DA:244,0
DA:249,0
FN:249,ReferralRegistry.authorizeCaller
FNDA:0,ReferralRegistry.authorizeCaller
DA:252,0
BRDA:252,15,0,-
BRDA:252,15,1,-
DA:253,0
DA:256,0
FN:256,ReferralRegistry.revokeCaller
FNDA:0,ReferralRegistry.revokeCaller
DA:259,0
DA:262,0
FN:262,ReferralRegistry.setShares
FNDA:0,ReferralRegistry.setShares
DA:266,0
BRDA:266,16,0,-
BRDA:266,16,1,-
DA:267,0
DA:268,0
DA:271,0
FN:271,ReferralRegistry.setTreasury
FNDA:0,ReferralRegistry.setTreasury
DA:274,0
BRDA:274,17,0,-
BRDA:274,17,1,-
DA:275,0
DA:278,0
FN:278,ReferralRegistry.setSelfReferralAllowed
FNDA:0,ReferralRegistry.setSelfReferralAllowed
DA:281,0
DA:284,0
FN:284,ReferralRegistry.transferOwnership
FNDA:0,ReferralRegistry.transferOwnership
DA:287,0
BRDA:287,18,0,-
BRDA:287,18,1,-
DA:288,0
FNF:15
FNH:0
LF:68
LH:0
BRF:31
BRH:0
end_of_record
TN:
SF:src/registries/XPRegistry.sol
DA:69,0
FN:69,XPRegistry.onlyOwner
FNDA:0,XPRegistry.onlyOwner
DA:70,0
BRDA:70,0,0,-
BRDA:70,0,1,-
DA:74,0
FN:74,XPRegistry.onlyAuthorized
FNDA:0,XPRegistry.onlyAuthorized
DA:75,0
BRDA:75,1,0,-
BRDA:75,1,1,-
DA:81,0
FN:81,XPRegistry.constructor
FNDA:0,XPRegistry.constructor
DA:84,0
BRDA:84,2,0,-
BRDA:84,2,1,-
DA:85,0
DA:95,0
FN:95,XPRegistry.addXP
FNDA:0,XPRegistry.addXP
DA:99,0
BRDA:99,3,0,-
BRDA:99,3,1,-
DA:101,0
DA:102,0
DA:103,0
DA:105,0
DA:107,0
BRDA:107,4,0,-
DA:108,0
DA:117,0
FN:117,XPRegistry.getXP
FNDA:0,XPRegistry.getXP
DA:120,0
DA:126,0
FN:126,XPRegistry.getLevel
FNDA:0,XPRegistry.getLevel
DA:129,0
DA:132,0
BRDA:132,5,0,-
DA:133,0
DA:137,0
BRDA:137,6,0,-
DA:138,0
DA:142,0
BRDA:142,7,0,-
DA:143,0
DA:147,0
BRDA:147,8,0,-
DA:148,0
DA:152,0
BRDA:152,9,0,-
DA:153,0
DA:157,0
BRDA:157,10,0,-
DA:158,0
DA:162,0
DA:168,0
FN:168,XPRegistry.isCasinoOwner
FNDA:0,XPRegistry.isCasinoOwner
DA:171,0
DA:177,0
FN:177,XPRegistry.xpToNextLevel
FNDA:0,XPRegistry.xpToNextLevel
DA:180,0
DA:181,0
DA:182,0
DA:184,0
BRDA:184,11,0,-
BRDA:184,11,1,-
DA:185,0
DA:186,0
BRDA:186,12,0,-
BRDA:186,12,1,-
DA:187,0
DA:188,0
BRDA:188,13,0,-
BRDA:188,13,1,-
DA:189,0
DA:190,0
BRDA:190,14,0,-
BRDA:190,14,1,-
DA:191,0
DA:192,0
BRDA:192,15,0,-
BRDA:192,15,1,-
DA:193,0
DA:194,0
BRDA:194,16,0,-
BRDA:194,16,1,-
DA:195,0
DA:197,0
DA:200,0
DA:205,0
FN:205,XPRegistry.authorizeCaller
FNDA:0,XPRegistry.authorizeCaller
DA:208,0
BRDA:208,17,0,-
BRDA:208,17,1,-
DA:209,0
DA:210,0
DA:213,0
FN:213,XPRegistry.revokeCaller
FNDA:0,XPRegistry.revokeCaller
DA:216,0
DA:217,0
DA:220,0
FN:220,XPRegistry.transferOwnership
FNDA:0,XPRegistry.transferOwnership
DA:223,0
BRDA:223,18,0,-
BRDA:223,18,1,-
DA:224,0
DA:248,0
FN:248,XPRegistry.getPlayerPerks
FNDA:0,XPRegistry.getPlayerPerks
DA:251,0
DA:252,0
DA:255,0
BRDA:255,19,0,-
BRDA:255,19,1,-
DA:256,0
DA:257,0
BRDA:257,20,0,-
BRDA:257,20,1,-
DA:258,0
DA:259,0
BRDA:259,21,0,-
BRDA:259,21,1,-
DA:260,0
DA:261,0
BRDA:261,22,0,-
BRDA:261,22,1,-
DA:262,0
DA:263,0
BRDA:263,23,0,-
BRDA:263,23,1,-
DA:264,0
DA:266,0
DA:270,0
BRDA:270,24,0,-
BRDA:270,24,1,-
DA:271,0
DA:272,0
BRDA:272,25,0,-
BRDA:272,25,1,-
DA:273,0
DA:274,0
BRDA:274,26,0,-
BRDA:274,26,1,-
DA:275,0
DA:276,0
BRDA:276,27,0,-
BRDA:276,27,1,-
DA:277,0
DA:279,0
DA:283,0
DA:286,0
DA:289,0
DA:292,0
BRDA:292,28,0,-
BRDA:292,28,1,-
DA:293,0
DA:294,0
BRDA:294,29,0,-
BRDA:294,29,1,-
DA:295,0
DA:296,0
BRDA:296,30,0,-
BRDA:296,30,1,-
DA:297,0
DA:298,0
BRDA:298,31,0,-
BRDA:298,31,1,-
DA:299,0
DA:300,0
BRDA:300,32,0,-
BRDA:300,32,1,-
DA:301,0
DA:303,0
DA:310,0
FN:310,XPRegistry.getHouseEdgeReduction
FNDA:0,XPRegistry.getHouseEdgeReduction
DA:313,0
DA:314,0
BRDA:314,33,0,-
DA:315,0
BRDA:315,34,0,-
DA:316,0
BRDA:316,35,0,-
DA:317,0
BRDA:317,36,0,-
DA:318,0
BRDA:318,37,0,-
DA:319,0
DA:325,0
FN:325,XPRegistry.hasVIPAccess
FNDA:0,XPRegistry.hasVIPAccess
DA:328,0
DA:334,0
FN:334,XPRegistry.canCreateVault
FNDA:0,XPRegistry.canCreateVault
DA:337,0
FNF:15
FNH:0
LF:111
LH:0
BRF:64
BRH:0
end_of_record
TN:
SF:src/tokens/CHIPWrapper.sol
DA:94,5
FN:94,CHIPWrapper.onlyOwner
FNDA:5,CHIPWrapper.onlyOwner
DA:95,5
BRDA:95,0,0,1
BRDA:95,0,1,4
DA:99,263
FN:99,CHIPWrapper.whenNotPaused
FNDA:263,CHIPWrapper.whenNotPaused
DA:100,263
BRDA:100,1,0,1
BRDA:100,1,1,267
DA:106,36
FN:106,CHIPWrapper.constructor
FNDA:36,CHIPWrapper.constructor
DA:112,36
BRDA:112,2,0,-
BRDA:112,2,1,36
DA:113,36
BRDA:113,3,0,-
BRDA:113,3,1,36
DA:114,36
BRDA:114,4,0,-
BRDA:114,4,1,36
DA:115,36
BRDA:115,5,0,-
BRDA:115,5,1,36
DA:117,36
DA:118,36
DA:119,36
DA:120,36
DA:130,268
FN:130,CHIPWrapper.deposit
FNDA:268,CHIPWrapper.deposit
DA:133,267
BRDA:133,6,0,1
BRDA:133,6,1,266
DA:136,266
DA:137,266
DA:140,266
DA:143,266
BRDA:143,7,0,1
DA:144,1
DA:145,1
DA:149,266
DA:152,266
DA:154,266
DA:156,266
DA:166,263
FN:166,CHIPWrapper.withdraw
FNDA:263,CHIPWrapper.withdraw
DA:169,262
BRDA:169,8,0,1
BRDA:169,8,1,261
DA:172,261
DA:173,261
BRDA:173,9,0,1
BRDA:173,9,1,260
DA:176,260
DA:177,260
DA:180,260
BRDA:180,10,0,-
BRDA:180,10,1,260
DA:183,260
DA:186,260
DA:189,260
BRDA:189,11,0,259
DA:190,259
DA:191,259
DA:194,260
DA:196,260
DA:204,1
FN:204,CHIPWrapper.getReserves
FNDA:1,CHIPWrapper.getReserves
DA:205,1
DA:211,1
FN:211,CHIPWrapper.isSolvent
FNDA:1,CHIPWrapper.isSolvent
DA:212,1
DA:213,1
DA:215,1
DA:216,1
DA:222,2
FN:222,CHIPWrapper.quoteDeposit
FNDA:2,CHIPWrapper.quoteDeposit
DA:225,2
DA:226,2
DA:232,2
FN:232,CHIPWrapper.quoteWithdraw
FNDA:2,CHIPWrapper.quoteWithdraw
DA:235,2
DA:236,2
DA:237,2
DA:242,5
FN:242,CHIPWrapper.setDepositFee
FNDA:5,CHIPWrapper.setDepositFee
DA:245,4
BRDA:245,12,0,1
BRDA:245,12,1,3
DA:246,3
DA:247,3
DA:250,5
FN:250,CHIPWrapper.setWithdrawFee
FNDA:5,CHIPWrapper.setWithdrawFee
DA:253,4
BRDA:253,13,0,1
BRDA:253,13,1,3
DA:254,3
DA:255,3
DA:258,3
FN:258,CHIPWrapper.setTreasury
FNDA:3,CHIPWrapper.setTreasury
DA:261,2
BRDA:261,14,0,1
BRDA:261,14,1,1
DA:262,1
DA:263,1
DA:264,1
DA:267,5
FN:267,CHIPWrapper.setPaused
FNDA:5,CHIPWrapper.setPaused
DA:270,4
DA:271,4
DA:274,5
FN:274,CHIPWrapper.transferOwnership
FNDA:5,CHIPWrapper.transferOwnership
DA:277,4
BRDA:277,15,0,1
BRDA:277,15,1,3
DA:278,3
DA:279,3
DA:282,2
FN:282,CHIPWrapper.acceptOwnership
FNDA:2,CHIPWrapper.acceptOwnership
DA:283,2
BRDA:283,16,0,1
BRDA:283,16,1,1
DA:284,1
DA:285,1
DA:286,1
DA:287,1
DA:291,2
FN:291,CHIPWrapper.emergencyRecover
FNDA:2,CHIPWrapper.emergencyRecover
DA:295,1
BRDA:295,17,0,1
BRDA:295,17,1,-
DA:296,0
FNF:16
FNH:16
LF:82
LH:81
BRF:34
BRH:28
end_of_record
TN:
SF:src/tokens/TokenFactory.sol
DA:29,9
FN:29,MemeToken.constructor.0
FNDA:9,MemeToken.constructor.0
DA:35,9
DA:36,9
DA:37,9
DA:167,2
FN:167,TokenFactory.onlyOwner
FNDA:2,TokenFactory.onlyOwner
DA:168,2
BRDA:168,0,0,1
BRDA:168,0,1,4
DA:172,14
FN:172,TokenFactory.onlyCasinoOwner
FNDA:14,TokenFactory.onlyCasinoOwner
DA:173,14
BRDA:173,1,0,1
BRDA:173,1,1,13
DA:179,25
FN:179,TokenFactory.constructor.1
FNDA:25,TokenFactory.constructor.1
DA:186,25
BRDA:186,2,0,-
BRDA:186,2,1,25
DA:187,25
BRDA:187,3,0,-
BRDA:187,3,1,25
DA:188,25
BRDA:188,4,0,-
BRDA:188,4,1,25
DA:189,25
BRDA:189,5,0,-
BRDA:189,5,1,25
DA:190,25
BRDA:190,6,0,-
BRDA:190,6,1,25
DA:192,25
DA:193,25
DA:194,25
DA:195,25
DA:196,25
DA:210,14
FN:210,TokenFactory.createToken
FNDA:14,TokenFactory.createToken
DA:216,13
BRDA:216,7,0,1
BRDA:216,7,1,12
DA:217,12
BRDA:217,8,0,1
BRDA:217,8,1,11
DA:218,11
BRDA:218,9,0,1
BRDA:218,9,1,10
DA:219,10
BRDA:219,10,0,1
BRDA:219,10,1,9
DA:222,9
BRDA:222,11,0,8
DA:223,8
DA:227,9
DA:230,9
DA:231,9
DA:234,9
DA:235,9
DA:238,9
DA:239,9
BRDA:239,12,0,9
DA:240,9
DA:244,9
DA:245,9
DA:248,9
DA:260,9
DA:263,9
DA:269,9
DA:280,9
DA:281,9
DA:282,9
DA:287,1
FN:287,TokenFactory.getAllTokens
FNDA:1,TokenFactory.getAllTokens
DA:288,1
DA:291,1
FN:291,TokenFactory.getTokensByCreator
FNDA:1,TokenFactory.getTokensByCreator
DA:294,1
DA:297,2
FN:297,TokenFactory.getTokenCount
FNDA:2,TokenFactory.getTokenCount
DA:298,2
DA:301,2
FN:301,TokenFactory.isLPLocked
FNDA:2,TokenFactory.isLPLocked
DA:304,2
DA:309,3
FN:309,TokenFactory.setCreationFee
FNDA:3,TokenFactory.setCreationFee
DA:312,2
DA:313,2
DA:316,2
FN:316,TokenFactory.setMinLiquidity
FNDA:2,TokenFactory.setMinLiquidity
DA:319,1
DA:320,1
DA:323,3
FN:323,TokenFactory.setCreatorShare
FNDA:3,TokenFactory.setCreatorShare
DA:326,2
BRDA:326,13,0,1
BRDA:326,13,1,1
DA:327,1
DA:328,1
DA:331,5
FN:331,TokenFactory.transferOwnership
FNDA:5,TokenFactory.transferOwnership
DA:334,4
BRDA:334,14,0,1
BRDA:334,14,1,3
DA:335,3
DA:336,3
DA:339,2
FN:339,TokenFactory.acceptOwnership
FNDA:2,TokenFactory.acceptOwnership
DA:340,2
BRDA:340,15,0,1
BRDA:340,15,1,1
DA:341,1
DA:342,1
DA:343,1
DA:344,1
FNF:14
FNH:14
LF:71
LH:71
BRF:30
BRH:25
end_of_record
TN:
SF:src/tokens/defi/CHIPToken.sol
DA:19,61
FN:19,CHIPToken.constructor
FNDA:61,CHIPToken.constructor
DA:23,61
DA:29,266
FN:29,CHIPToken.mint
FNDA:266,CHIPToken.mint
DA:33,266
DA:40,260
FN:40,CHIPToken.burn
FNDA:260,CHIPToken.burn
DA:44,260
FNF:3
FNH:3
LF:6
LH:6
BRF:0
BRH:0
end_of_record
TN:
SF:src/tokens/defi/VyreStaking.sol
DA:65,0
FN:65,VyreStaking.constructor
FNDA:0,VyreStaking.constructor
DA:70,0
DA:71,0
DA:76,0
FN:76,VyreStaking.totalSupply
FNDA:0,VyreStaking.totalSupply
DA:77,0
DA:80,0
FN:80,VyreStaking.balanceOf
FNDA:0,VyreStaking.balanceOf
DA:83,0
DA:86,0
FN:86,VyreStaking.lastTimeRewardApplicable
FNDA:0,VyreStaking.lastTimeRewardApplicable
DA:87,0
DA:90,0
FN:90,VyreStaking.rewardPerToken
FNDA:0,VyreStaking.rewardPerToken
DA:91,0
BRDA:91,0,0,-
DA:92,0
DA:94,0
DA:98,0
FN:98,VyreStaking.earned
FNDA:0,VyreStaking.earned
DA:101,0
DA:105,0
FN:105,VyreStaking.getRewardForDuration
FNDA:0,VyreStaking.getRewardForDuration
DA:106,0
DA:111,0
FN:111,VyreStaking.stake
FNDA:0,VyreStaking.stake
DA:114,0
BRDA:114,1,0,-
BRDA:114,1,1,-
DA:115,0
DA:116,0
DA:117,0
DA:118,0
DA:121,0
FN:121,VyreStaking.withdraw
FNDA:0,VyreStaking.withdraw
DA:124,0
BRDA:124,2,0,-
BRDA:124,2,1,-
DA:125,0
DA:126,0
DA:127,0
DA:128,0
DA:131,0
FN:131,VyreStaking.getReward
FNDA:0,VyreStaking.getReward
DA:132,0
DA:133,0
BRDA:133,3,0,-
DA:134,0
DA:135,0
DA:136,0
DA:140,0
FN:140,VyreStaking.exit
FNDA:0,VyreStaking.exit
DA:141,0
DA:142,0
DA:147,0
FN:147,VyreStaking.notifyRewardAmount
FNDA:0,VyreStaking.notifyRewardAmount
DA:150,0
BRDA:150,4,0,-
BRDA:150,4,1,-
DA:151,0
DA:153,0
DA:154,0
DA:155,0
DA:161,0
DA:162,0
BRDA:162,5,0,-
BRDA:162,5,1,-
DA:164,0
DA:165,0
DA:166,0
DA:169,0
FN:169,VyreStaking.setRewardsDuration
FNDA:0,VyreStaking.setRewardsDuration
DA:172,0
BRDA:172,6,0,-
BRDA:172,6,1,-
DA:176,0
DA:177,0
DA:182,0
FN:182,VyreStaking.updateReward
FNDA:0,VyreStaking.updateReward
DA:185,0
DA:186,0
DA:187,0
BRDA:187,7,0,-
DA:188,0
DA:189,0
FNF:14
FNH:0
LF:59
LH:0
BRF:13
BRH:0
end_of_record
TN:
SF:src/vaults/BondingCurve.sol
DA:63,0
FN:63,BondingCurveToken.onlyCurve
FNDA:0,BondingCurveToken.onlyCurve
DA:64,0
BRDA:64,0,0,-
BRDA:64,0,1,-
DA:68,0
FN:68,BondingCurveToken.constructor.0
FNDA:0,BondingCurveToken.constructor.0
DA:72,0
DA:75,0
FN:75,BondingCurveToken.mint
FNDA:0,BondingCurveToken.mint
DA:79,0
DA:82,0
FN:82,BondingCurveToken.burn
FNDA:0,BondingCurveToken.burn
DA:86,0
DA:194,0
FN:194,BondingCurve.onlyOwner
FNDA:0,BondingCurve.onlyOwner
DA:195,0
BRDA:195,1,0,-
BRDA:195,1,1,-
DA:199,0
FN:199,BondingCurve.onlyCasinoOwner
FNDA:0,BondingCurve.onlyCasinoOwner
DA:200,0
BRDA:200,2,0,-
BRDA:200,2,1,-
DA:204,0
FN:204,BondingCurve.notGraduated
FNDA:0,BondingCurve.notGraduated
DA:207,0
BRDA:207,3,0,-
BRDA:207,3,1,-
DA:213,0
FN:213,BondingCurve.constructor.1
FNDA:0,BondingCurve.constructor.1
DA:221,0
BRDA:221,4,0,-
BRDA:221,4,1,-
DA:222,0
BRDA:222,5,0,-
BRDA:222,5,1,-
DA:223,0
BRDA:223,6,0,-
BRDA:223,6,1,-
DA:224,0
BRDA:224,7,0,-
BRDA:224,7,1,-
DA:225,0
BRDA:225,8,0,-
BRDA:225,8,1,-
DA:226,0
BRDA:226,9,0,-
BRDA:226,9,1,-
DA:228,0
DA:229,0
DA:230,0
DA:231,0
DA:232,0
DA:233,0
DA:243,0
FN:243,BondingCurve.launchToken
FNDA:0,BondingCurve.launchToken
DA:247,0
BRDA:247,10,0,-
BRDA:247,10,1,-
DA:248,0
BRDA:248,11,0,-
BRDA:248,11,1,-
DA:251,0
BRDA:251,12,0,-
DA:252,0
DA:256,0
DA:257,0
DA:260,0
DA:272,0
DA:273,0
DA:275,0
DA:286,0
FN:286,BondingCurve.buy
FNDA:0,BondingCurve.buy
DA:291,0
BRDA:291,13,0,-
BRDA:291,13,1,-
DA:292,0
DA:293,0
BRDA:293,14,0,-
BRDA:293,14,1,-
DA:296,0
DA:297,0
DA:299,0
DA:300,0
BRDA:300,15,0,-
BRDA:300,15,1,-
DA:301,0
BRDA:301,16,0,-
BRDA:301,16,1,-
DA:304,0
DA:305,0
DA:306,0
DA:307,0
DA:310,0
DA:311,0
BRDA:311,17,0,-
DA:312,0
DA:316,0
DA:318,0
DA:321,0
BRDA:321,18,0,-
DA:322,0
DA:332,0
FN:332,BondingCurve.sell
FNDA:0,BondingCurve.sell
DA:337,0
BRDA:337,19,0,-
BRDA:337,19,1,-
DA:338,0
DA:339,0
BRDA:339,20,0,-
BRDA:339,20,1,-
DA:342,0
DA:343,0
DA:344,0
DA:345,0
DA:347,0
BRDA:347,21,0,-
BRDA:347,21,1,-
DA:348,0
BRDA:348,22,0,-
BRDA:348,22,1,-
DA:351,0
DA:352,0
DA:353,0
DA:354,0
DA:357,0
DA:360,0
DA:361,0
BRDA:361,23,0,-
DA:362,0
DA:365,0
DA:370,0
FN:370,BondingCurve._graduate
FNDA:0,BondingCurve._graduate
DA:373,0
DA:374,0
DA:376,0
DA:377,0
DA:380,0
DA:383,0
DA:384,0
DA:387,0
DA:400,0
DA:403,0
DA:404,0
DA:406,0
DA:411,0
FN:411,BondingCurve.getAmountOut
FNDA:0,BondingCurve.getAmountOut
DA:416,0
BRDA:416,24,0,-
BRDA:416,24,1,-
DA:417,0
BRDA:417,25,0,-
BRDA:417,25,1,-
DA:419,0
DA:420,0
DA:421,0
DA:424,0
FN:424,BondingCurve.getCurrentPrice
FNDA:0,BondingCurve.getCurrentPrice
DA:427,0
DA:428,0
BRDA:428,26,0,-
DA:429,0
DA:432,0
FN:432,BondingCurve.getMarketCap
FNDA:0,BondingCurve.getMarketCap
DA:435,0
DA:436,0
DA:437,0
DA:440,0
FN:440,BondingCurve.getProgress
FNDA:0,BondingCurve.getProgress
DA:443,0
DA:444,0
BRDA:444,27,0,-
DA:445,0
DA:446,0
BRDA:446,28,0,-
DA:449,0
FN:449,BondingCurve.getAllTokens
FNDA:0,BondingCurve.getAllTokens
DA:450,0
DA:453,0
FN:453,BondingCurve.getTokensByCreator
FNDA:0,BondingCurve.getTokensByCreator
DA:456,0
DA:461,0
FN:461,BondingCurve.setGraduationThreshold
FNDA:0,BondingCurve.setGraduationThreshold
DA:464,0
DA:467,0
FN:467,BondingCurve.setCreationFee
FNDA:0,BondingCurve.setCreationFee
DA:470,0
DA:473,0
FN:473,BondingCurve.setTradingFee
FNDA:0,BondingCurve.setTradingFee
DA:476,0
BRDA:476,29,0,-
BRDA:476,29,1,-
DA:477,0
DA:480,0
FN:480,BondingCurve.transferOwnership
FNDA:0,BondingCurve.transferOwnership
DA:483,0
BRDA:483,30,0,-
BRDA:483,30,1,-
DA:484,0
FNF:22
FNH:0
LF:123
LH:0
BRF:55
BRH:0
end_of_record
TN:
SF:src/vaults/LPVesting.sol
DA:79,0
FN:79,LPVesting.onlyOwner
FNDA:0,LPVesting.onlyOwner
DA:80,0
BRDA:80,0,0,-
BRDA:80,0,1,-
DA:84,0
FN:84,LPVesting.onlyAuthorized
FNDA:0,LPVesting.onlyAuthorized
DA:85,0
BRDA:85,1,0,-
BRDA:85,1,1,-
DA:91,0
FN:91,LPVesting.constructor
FNDA:0,LPVesting.constructor
DA:94,0
BRDA:94,2,0,-
BRDA:94,2,1,-
DA:95,0
DA:106,0
FN:106,LPVesting.lockLP
FNDA:0,LPVesting.lockLP
DA:111,0
BRDA:111,3,0,-
BRDA:111,3,1,-
DA:112,0
BRDA:112,4,0,-
BRDA:112,4,1,-
DA:113,0
BRDA:113,5,0,-
BRDA:113,5,1,-
DA:115,0
DA:117,0
BRDA:117,6,0,-
BRDA:117,6,1,-
DA:119,0
DA:122,0
DA:133,0
DA:135,0
DA:150,0
FN:150,LPVesting.claim
FNDA:0,LPVesting.claim
DA:153,0
DA:154,0
BRDA:154,7,0,-
BRDA:154,7,1,-
DA:156,0
DA:157,0
BRDA:157,8,0,-
BRDA:157,8,1,-
DA:159,0
DA:161,0
DA:163,0
DA:171,0
FN:171,LPVesting.getClaimableAmount
FNDA:0,LPVesting.getClaimableAmount
DA:175,0
DA:176,0
BRDA:176,9,0,-
DA:178,0
DA:179,0
DA:185,0
FN:185,LPVesting.getVestedAmount
FNDA:0,LPVesting.getVestedAmount
DA:189,0
DA:190,0
BRDA:190,10,0,-
DA:192,0
DA:195,0
BRDA:195,11,0,-
DA:196,0
DA:200,0
BRDA:200,12,0,-
DA:201,0
DA:205,0
DA:206,0
DA:212,0
FN:212,LPVesting.getVestingSchedule
FNDA:0,LPVesting.getVestingSchedule
DA:227,0
DA:228,0
BRDA:228,13,0,-
DA:230,0
DA:231,0
DA:232,0
DA:233,0
DA:234,0
DA:235,0
DA:241,0
FN:241,LPVesting.isLocked
FNDA:0,LPVesting.isLocked
DA:245,0
DA:246,0
BRDA:246,14,0,-
DA:247,0
DA:252,0
FN:252,LPVesting.authorizeLocker
FNDA:0,LPVesting.authorizeLocker
DA:255,0
BRDA:255,15,0,-
BRDA:255,15,1,-
DA:256,0
DA:257,0
DA:260,0
FN:260,LPVesting.revokeLocker
FNDA:0,LPVesting.revokeLocker
DA:263,0
DA:264,0
DA:267,0
FN:267,LPVesting.transferOwnership
FNDA:0,LPVesting.transferOwnership
DA:270,0
BRDA:270,16,0,-
BRDA:270,16,1,-
DA:271,0
FNF:12
FNH:0
LF:63
LH:0
BRF:28
BRH:0
end_of_record
TN:
SF:src/vaults/MemeTokenSink.sol
DA:71,0
FN:71,MemeTokenSink.onlyOwner
FNDA:0,MemeTokenSink.onlyOwner
DA:72,0
BRDA:72,0,0,-
BRDA:72,0,1,-
DA:76,0
FN:76,MemeTokenSink.onlyAuthorized
FNDA:0,MemeTokenSink.onlyAuthorized
DA:77,0
BRDA:77,1,0,-
BRDA:77,1,1,-
DA:83,0
FN:83,MemeTokenSink.constructor
FNDA:0,MemeTokenSink.constructor
DA:87,0
BRDA:87,2,0,-
BRDA:87,2,1,-
DA:88,0
BRDA:88,3,0,-
BRDA:88,3,1,-
DA:89,0
DA:90,0
DA:100,0
FN:100,MemeTokenSink.processLoss
FNDA:0,MemeTokenSink.processLoss
DA:104,0
BRDA:104,4,0,-
BRDA:104,4,1,-
DA:105,0
BRDA:105,5,0,-
BRDA:105,5,1,-
DA:108,0
DA:111,0
DA:112,0
DA:113,0
DA:116,0
BRDA:116,6,0,-
DA:117,0
DA:121,0
DA:122,0
BRDA:122,7,0,-
BRDA:122,7,1,-
DA:123,0
DA:124,0
BRDA:124,8,0,-
DA:126,0
DA:130,0
BRDA:130,9,0,-
DA:131,0
DA:134,0
DA:142,0
FN:142,MemeTokenSink.registerTokenCreator
FNDA:0,MemeTokenSink.registerTokenCreator
DA:146,0
BRDA:146,10,0,-
BRDA:146,10,1,-
DA:147,0
BRDA:147,11,0,-
BRDA:147,11,1,-
DA:148,0
DA:149,0
DA:154,0
FN:154,MemeTokenSink.getCreator
FNDA:0,MemeTokenSink.getCreator
DA:157,0
DA:160,0
FN:160,MemeTokenSink.getSplitAmounts
FNDA:0,MemeTokenSink.getSplitAmounts
DA:163,0
DA:164,0
DA:165,0
DA:170,0
FN:170,MemeTokenSink.authorizeGame
FNDA:0,MemeTokenSink.authorizeGame
DA:173,0
BRDA:173,12,0,-
BRDA:173,12,1,-
DA:174,0
DA:177,0
FN:177,MemeTokenSink.revokeGame
FNDA:0,MemeTokenSink.revokeGame
DA:180,0
DA:183,0
FN:183,MemeTokenSink.setShares
FNDA:0,MemeTokenSink.setShares
DA:188,0
BRDA:188,13,0,-
BRDA:188,13,1,-
DA:189,0
DA:190,0
DA:191,0
DA:194,0
FN:194,MemeTokenSink.setTreasury
FNDA:0,MemeTokenSink.setTreasury
DA:197,0
BRDA:197,14,0,-
BRDA:197,14,1,-
DA:198,0
DA:201,0
FN:201,MemeTokenSink.transferOwnership
FNDA:0,MemeTokenSink.transferOwnership
DA:204,0
BRDA:204,15,0,-
BRDA:204,15,1,-
DA:205,0
FNF:12
FNH:0
LF:53
LH:0
BRF:29
BRH:0
end_of_record
TN:
SF:src/vaults/TableVault.sol
DA:84,0
FN:84,TableVault.onlyCreator
FNDA:0,TableVault.onlyCreator
DA:85,0
BRDA:85,0,0,-
BRDA:85,0,1,-
DA:89,0
FN:89,TableVault.onlyAuthorizedGame
FNDA:0,TableVault.onlyAuthorizedGame
DA:90,0
BRDA:90,1,0,-
BRDA:90,1,1,-
DA:94,0
FN:94,TableVault.cooldownPassed
FNDA:0,TableVault.cooldownPassed
DA:97,0
BRDA:97,2,0,-
DA:98,0
BRDA:98,3,0,-
BRDA:98,3,1,-
DA:108,0
FN:108,TableVault.constructor.0
FNDA:0,TableVault.constructor.0
DA:114,0
DA:116,0
BRDA:116,4,0,-
BRDA:116,4,1,-
DA:117,0
BRDA:117,5,0,-
BRDA:117,5,1,-
DA:119,0
DA:120,0
DA:122,0
DA:127,0
FN:127,TableVault.deposit
FNDA:0,TableVault.deposit
DA:131,0
DA:132,0
DA:135,0
FN:135,TableVault.withdraw
FNDA:0,TableVault.withdraw
DA:140,0
DA:143,0
FN:143,TableVault.redeem
FNDA:0,TableVault.redeem
DA:148,0
DA:157,0
FN:157,TableVault.recordProfit
FNDA:0,TableVault.recordProfit
DA:160,0
BRDA:160,6,0,-
BRDA:160,6,1,-
DA:163,0
DA:166,0
DA:167,0
DA:170,0
DA:171,0
BRDA:171,7,0,-
DA:172,0
DA:175,0
DA:182,0
FN:182,TableVault.recordLoss
FNDA:0,TableVault.recordLoss
DA:185,0
BRDA:185,8,0,-
BRDA:185,8,1,-
DA:186,0
BRDA:186,9,0,-
BRDA:186,9,1,-
DA:189,0
DA:191,0
DA:197,0
FN:197,TableVault.availableBankroll
FNDA:0,TableVault.availableBankroll
DA:198,0
DA:199,0
DA:204,0
FN:204,TableVault.authorizeGame
FNDA:0,TableVault.authorizeGame
DA:207,0
BRDA:207,10,0,-
BRDA:207,10,1,-
DA:208,0
DA:209,0
DA:212,0
FN:212,TableVault.revokeGame
FNDA:0,TableVault.revokeGame
DA:215,0
DA:216,0
DA:219,0
FN:219,TableVault.claimFees
FNDA:0,TableVault.claimFees
DA:220,0
DA:221,0
BRDA:221,11,0,-
BRDA:221,11,1,-
DA:222,0
BRDA:222,12,0,-
BRDA:222,12,1,-
DA:224,0
DA:225,0
DA:227,0
DA:230,0
FN:230,TableVault.setPerformanceFee
FNDA:0,TableVault.setPerformanceFee
DA:233,0
BRDA:233,13,0,-
BRDA:233,13,1,-
DA:234,0
DA:237,0
FN:237,TableVault.setWithdrawalCooldown
FNDA:0,TableVault.setWithdrawalCooldown
DA:240,0
BRDA:240,14,0,-
BRDA:240,14,1,-
DA:241,0
DA:246,0
FN:246,TableVault.getVaultInfo
FNDA:0,TableVault.getVaultInfo
DA:258,0
DA:259,0
DA:260,0
DA:261,0
DA:262,0
DA:263,0
DA:294,0
FN:294,TableVaultFactory.onlyOwner
FNDA:0,TableVaultFactory.onlyOwner
DA:295,0
BRDA:295,15,0,-
BRDA:295,15,1,-
DA:299,0
FN:299,TableVaultFactory.constructor.1
FNDA:0,TableVaultFactory.constructor.1
DA:304,0
BRDA:304,16,0,-
BRDA:304,16,1,-
DA:305,0
BRDA:305,17,0,-
BRDA:305,17,1,-
DA:306,0
BRDA:306,18,0,-
BRDA:306,18,1,-
DA:308,0
DA:309,0
DA:310,0
DA:313,0
FN:313,TableVaultFactory.createVault
FNDA:0,TableVaultFactory.createVault
DA:316,0
BRDA:316,19,0,-
BRDA:316,19,1,-
DA:319,0
BRDA:319,20,0,-
DA:320,0
DA:324,0
DA:325,0
DA:327,0
DA:328,0
DA:330,0
DA:333,0
FN:333,TableVaultFactory.getAllVaults
FNDA:0,TableVaultFactory.getAllVaults
DA:334,0
DA:337,0
FN:337,TableVaultFactory.getVaultsByCreator
FNDA:0,TableVaultFactory.getVaultsByCreator
DA:340,0
DA:343,0
FN:343,TableVaultFactory.setCreationFee
FNDA:0,TableVaultFactory.setCreationFee
DA:346,0
DA:349,0
FN:349,TableVaultFactory.transferOwnership
FNDA:0,TableVaultFactory.transferOwnership
DA:352,0
BRDA:352,21,0,-
BRDA:352,21,1,-
DA:353,0
FNF:23
FNH:0
LF:92
LH:0
BRF:41
BRH:0
end_of_record
TN:
SF:test/CHIPWrapper.t.sol
DA:19,328
FN:19,MockUSDC.mint
FNDA:328,MockUSDC.mint
DA:23,328
DA:24,328
DA:27,520
FN:27,MockUSDC.transfer
FNDA:520,MockUSDC.transfer
DA:31,520
DA:32,520
DA:33,520
DA:36,266
FN:36,MockUSDC.transferFrom
FNDA:266,MockUSDC.transferFrom
DA:41,266
BRDA:41,0,0,266
DA:42,266
DA:44,266
DA:45,266
DA:46,266
DA:49,267
FN:49,MockUSDC.approve
FNDA:267,MockUSDC.approve
DA:53,267
DA:54,267
FNF:4
FNH:4
LF:16
LH:16
BRF:1
BRH:1
end_of_record
TN:
SF:test/TokenFactory.t.sol
DA:14,25
FN:14,MockXPRegistry.setCasinoOwner
FNDA:25,MockXPRegistry.setCasinoOwner
DA:18,25
DA:19,25
BRDA:19,0,0,25
DA:22,14
FN:22,MockXPRegistry.isCasinoOwner
FNDA:14,MockXPRegistry.isCasinoOwner
DA:25,14
DA:28,0
FN:28,MockXPRegistry.getLevel
FNDA:0,MockXPRegistry.getLevel
DA:31,0
DA:40,9
FN:40,MockUniswapFactory.createPair
FNDA:9,MockUniswapFactory.createPair
DA:44,9
DA:45,9
DA:46,9
DA:47,0
DA:50,9
FN:50,MockUniswapFactory.getPair
FNDA:9,MockUniswapFactory.getPair
DA:54,9
DA:60,9
FN:60,MockUniswapRouter.addLiquidity
FNDA:9,MockUniswapRouter.addLiquidity
DA:71,9
DA:72,9
DA:74,9
DA:75,9
DA:76,9
FNF:6
FNH:5
LF:20
LH:17
BRF:1
BRH:1
end_of_record
TN:
SF:test/VyreCasino.invariant.t.sol
DA:15,0
FN:15,MockCHIPInvariant.constructor.0
FNDA:0,MockCHIPInvariant.constructor.0
DA:16,0
DA:19,0
FN:19,MockCHIPInvariant.mint
FNDA:0,MockCHIPInvariant.mint
DA:23,0
DA:34,0
FN:34,MockGameInvariant.play.0
FNDA:0,MockGameInvariant.play.0
DA:40,0
DA:41,0
DA:43,0
DA:46,0
FN:46,MockGameInvariant.minBet
FNDA:0,MockGameInvariant.minBet
DA:49,0
DA:52,0
FN:52,MockGameInvariant.maxBet
FNDA:0,MockGameInvariant.maxBet
DA:55,0
DA:58,0
FN:58,MockGameInvariant.name
FNDA:0,MockGameInvariant.name
DA:59,0
DA:62,0
FN:62,MockGameInvariant.isActive
FNDA:0,MockGameInvariant.isActive
DA:63,0
DA:84,0
FN:84,VyreCasinoHandler.constructor.1
FNDA:0,VyreCasinoHandler.constructor.1
DA:90,0
DA:91,0
DA:92,0
DA:93,0
DA:96,0
DA:97,0
DA:98,0
DA:99,0
DA:100,0
DA:101,0
DA:105,0
DA:106,0
DA:107,0
BRDA:107,0,0,-
DA:111,0
FN:111,VyreCasinoHandler.play.1
FNDA:0,VyreCasinoHandler.play.1
DA:115,0
DA:116,0
DA:118,0
BRDA:118,1,0,-
DA:119,0
BRDA:119,2,0,-
DA:121,0
DA:122,0
BRDA:122,3,0,-
DA:125,0
DA:126,0
BRDA:126,4,0,-
BRDA:126,4,1,-
DA:127,0
DA:129,0
DA:134,0
FN:134,VyreCasinoHandler.claimReferralEarnings
FNDA:0,VyreCasinoHandler.claimReferralEarnings
DA:137,0
DA:138,0
DA:140,0
BRDA:140,5,0,-
DA:142,0
DA:143,0
BRDA:143,6,0,-
DA:144,0
DA:148,0
FN:148,VyreCasinoHandler.getPlayers
FNDA:0,VyreCasinoHandler.getPlayers
DA:149,0
DA:152,0
FN:152,VyreCasinoHandler.getPlayersCount
FNDA:0,VyreCasinoHandler.getPlayersCount
DA:153,0
FNF:12
FNH:0
LF:52
LH:0
BRF:8
BRH:0
end_of_record
TN:
SF:test/VyreCasinoIntegration.t.sol
DA:17,0
FN:17,MockCHIP.constructor.0
FNDA:0,MockCHIP.constructor.0
DA:18,0
DA:21,0
FN:21,MockCHIP.mint
FNDA:0,MockCHIP.mint
DA:25,0
DA:40,0
FN:40,MockVRF.setGame
FNDA:0,MockVRF.setGame
DA:43,0
DA:46,0
FN:46,MockVRF.requestRandomNumbers
FNDA:0,MockVRF.requestRandomNumbers
DA:50,0
DA:51,0
DA:52,0
DA:56,0
FN:56,MockVRF.fulfill
FNDA:0,MockVRF.fulfill
DA:59,0
DA:60,0
BRDA:60,0,0,-
BRDA:60,0,1,-
DA:62,0
DA:63,0
DA:64,0
DA:67,0
DA:79,0
FN:79,MockWinningGame.constructor.1
FNDA:0,MockWinningGame.constructor.1
DA:82,0
DA:85,0
FN:85,MockWinningGame.play
FNDA:0,MockWinningGame.play
DA:91,0
DA:94,0
FN:94,MockWinningGame.minBet
FNDA:0,MockWinningGame.minBet
DA:97,0
DA:100,0
FN:100,MockWinningGame.maxBet
FNDA:0,MockWinningGame.maxBet
DA:103,0
DA:106,0
FN:106,MockWinningGame.name
FNDA:0,MockWinningGame.name
DA:107,0
DA:110,0
FN:110,MockWinningGame.isActive
FNDA:0,MockWinningGame.isActive
DA:111,0
FNF:11
FNH:0
LF:29
LH:0
BRF:2
BRH:0
end_of_record
TN:
SF:test/VyreJack.invariant.t.sol
DA:16,0
FN:16,MockVRFCoordinatorForInvariant.setGame
FNDA:0,MockVRFCoordinatorForInvariant.setGame
DA:19,0
DA:22,0
FN:22,MockVRFCoordinatorForInvariant.requestRandomNumbers
FNDA:0,MockVRFCoordinatorForInvariant.requestRandomNumbers
DA:26,0
DA:29,0
DA:30,0
DA:31,0
DA:34,0
DA:35,0
DA:52,0
FN:52,VyreJackETHHandler.constructor
FNDA:0,VyreJackETHHandler.constructor
DA:55,0
DA:58,0
DA:59,0
DA:60,0
DA:61,0
DA:65,0
FN:65,VyreJackETHHandler.placeBet
FNDA:0,VyreJackETHHandler.placeBet
DA:69,0
DA:70,0
DA:72,0
DA:73,0
BRDA:73,0,0,-
DA:75,0
DA:76,0
BRDA:76,1,0,-
DA:78,0
DA:79,0
BRDA:79,2,0,-
DA:80,0
DA:81,0
DA:85,0
FN:85,VyreJackETHHandler.hit
FNDA:0,VyreJackETHHandler.hit
DA:88,0
DA:90,0
DA:91,0
BRDA:91,3,0,-
DA:93,0
DA:94,0
BRDA:94,4,0,-
DA:97,0
FN:97,VyreJackETHHandler.stand
FNDA:0,VyreJackETHHandler.stand
DA:100,0
DA:102,0
DA:103,0
BRDA:103,5,0,-
DA:105,0
DA:106,0
BRDA:106,6,0,-
DA:109,0
FN:109,VyreJackETHHandler.surrender
FNDA:0,VyreJackETHHandler.surrender
DA:112,0
DA:114,0
DA:115,0
BRDA:115,7,0,-
DA:116,0
BRDA:116,8,0,-
DA:118,0
DA:119,0
BRDA:119,9,0,-
DA:122,0
FN:122,VyreJackETHHandler.getPlayers
FNDA:0,VyreJackETHHandler.getPlayers
DA:123,0
DA:126,0
FN:126,VyreJackETHHandler.getPlayersCount
FNDA:0,VyreJackETHHandler.getPlayersCount
DA:127,0
FNF:9
FNH:0
LF:49
LH:0
BRF:10
BRH:0
end_of_record
TN:
SF:test/VyreJack.medusa.sol
DA:16,0
FN:16,AutoFulfillVRF.setGame
FNDA:0,AutoFulfillVRF.setGame
DA:19,0
DA:22,0
FN:22,AutoFulfillVRF.requestRandomNumbers
FNDA:0,AutoFulfillVRF.requestRandomNumbers
DA:26,0
DA:27,0
DA:30,0
DA:31,0
DA:32,0
DA:35,0
DA:36,0
DA:54,0
FN:54,VyreJackETHMedusaTest.constructor
FNDA:0,VyreJackETHMedusaTest.constructor
DA:55,0
DA:56,0
DA:57,0
DA:60,0
DA:65,0
FN:65,VyreJackETHMedusaTest.placeBet
FNDA:0,VyreJackETHMedusaTest.placeBet
DA:68,0
DA:70,0
DA:71,0
BRDA:71,0,0,-
DA:73,0
BRDA:73,1,0,-
DA:75,0
BRDA:75,2,0,-
DA:76,0
DA:77,0
DA:81,0
FN:81,VyreJackETHMedusaTest.hit
FNDA:0,VyreJackETHMedusaTest.hit
DA:82,0
DA:83,0
BRDA:83,3,0,-
DA:85,0
BRDA:85,4,0,-
DA:88,0
FN:88,VyreJackETHMedusaTest.stand
FNDA:0,VyreJackETHMedusaTest.stand
DA:89,0
DA:90,0
BRDA:90,5,0,-
DA:92,0
BRDA:92,6,0,-
DA:95,0
FN:95,VyreJackETHMedusaTest.surrender
FNDA:0,VyreJackETHMedusaTest.surrender
DA:96,0
DA:97,0
BRDA:97,7,0,-
DA:98,0
BRDA:98,8,0,-
DA:100,0
BRDA:100,9,0,-
DA:103,0
FN:103,VyreJackETHMedusaTest.doubleDown
FNDA:0,VyreJackETHMedusaTest.doubleDown
DA:104,0
DA:105,0
BRDA:105,10,0,-
DA:106,0
BRDA:106,11,0,-
DA:108,0
DA:109,0
BRDA:109,12,0,-
DA:111,0
BRDA:111,13,0,-
DA:119,0
FN:119,VyreJackETHMedusaTest.property_handValueInRange
FNDA:0,VyreJackETHMedusaTest.property_handValueInRange
DA:123,0
DA:124,0
DA:126,0
DA:127,0
DA:128,0
DA:130,0
DA:131,0
DA:137,0
FN:137,VyreJackETHMedusaTest.property_softHandsNotOver21
FNDA:0,VyreJackETHMedusaTest.property_softHandsNotOver21
DA:141,0
DA:142,0
DA:144,0
DA:145,0
DA:146,0
DA:148,0
DA:149,0
BRDA:149,14,0,-
DA:150,0
DA:152,0
DA:158,0
FN:158,VyreJackETHMedusaTest.property_balanceNonNegative
FNDA:0,VyreJackETHMedusaTest.property_balanceNonNegative
DA:159,0
DA:165,0
FN:165,VyreJackETHMedusaTest.property_exposureReasonable
FNDA:0,VyreJackETHMedusaTest.property_exposureReasonable
DA:166,0
DA:167,0
DA:169,0
DA:175,0
FN:175,VyreJackETHMedusaTest.property_activeGamesHaveBet
FNDA:0,VyreJackETHMedusaTest.property_activeGamesHaveBet
DA:176,0
DA:177,0
BRDA:177,15,0,-
DA:178,0
DA:180,0
DA:186,0
FN:186,VyreJackETHMedusaTest.property_cardInfoConsistent
FNDA:0,VyreJackETHMedusaTest.property_cardInfoConsistent
DA:189,0
DA:190,0
DA:191,0
DA:196,0
FN:196,VyreJackETHMedusaTest._bound
FNDA:0,VyreJackETHMedusaTest._bound
DA:201,0
BRDA:201,16,0,-
DA:202,0
BRDA:202,17,0,-
DA:203,0
FNF:15
FNH:0
LF:80
LH:0
BRF:18
BRH:0
end_of_record
TN:
SF:test/VyreJack.t.sol
DA:17,0
FN:17,MockVRFCoordinator.requestRandomNumbers
FNDA:0,MockVRFCoordinator.requestRandomNumbers
DA:21,0
DA:22,0
DA:23,0
DA:24,0
DA:27,0
FN:27,MockVRFCoordinator.getLastRequestId
FNDA:0,MockVRFCoordinator.getLastRequestId
DA:28,0
DA:1024,0
FN:1024,RejectingReceiver.enableReceiving
FNDA:0,RejectingReceiver.enableReceiving
DA:1025,0
DA:1028,0
FN:1028,RejectingReceiver.receive
FNDA:0,RejectingReceiver.receive
DA:1029,0
BRDA:1029,2,0,-
BRDA:1029,2,1,-
FNF:4
FNH:0
LF:11
LH:0
BRF:2
BRH:0
end_of_record
TN:
SF:test/VyreJackCore.t.sol
DA:21,0
FN:21,MockVRFManual.setGame.0
FNDA:0,MockVRFManual.setGame.0
DA:24,0
DA:27,0
FN:27,MockVRFManual.requestRandomNumbers
FNDA:0,MockVRFManual.requestRandomNumbers
DA:31,0
DA:32,0
DA:33,0
DA:37,0
FN:37,MockVRFManual.fulfill
FNDA:0,MockVRFManual.fulfill
DA:41,0
BRDA:41,0,0,-
BRDA:41,0,1,-
DA:42,0
BRDA:42,1,0,-
BRDA:42,1,1,-
DA:43,0
DA:44,0
DA:48,0
FN:48,MockVRFManual.fulfillRandom
FNDA:0,MockVRFManual.fulfillRandom
DA:51,0
DA:52,0
BRDA:52,2,0,-
BRDA:52,2,1,-
DA:53,0
BRDA:53,3,0,-
BRDA:53,3,1,-
DA:55,0
DA:56,0
DA:57,0
DA:60,0
DA:61,0
DA:64,0
FN:64,MockVRFManual.getLastRequestId
FNDA:0,MockVRFManual.getLastRequestId
DA:65,0
DA:76,0
FN:76,MockCasino.setGame.1
FNDA:0,MockCasino.setGame.1
DA:79,0
DA:82,0
FN:82,MockCasino.playGame
FNDA:0,MockCasino.playGame
DA:87,0
DA:88,0
DA:89,0
FNF:7
FNH:0
LF:28
LH:0
BRF:8
BRH:0
end_of_record
TN:
SF:test/staking/VyreStaking.invariant.t.sol
DA:31,0
FN:31,StakingHandler.useActor
FNDA:0,StakingHandler.useActor
DA:34,0
DA:35,0
DA:37,0
DA:40,0
FN:40,StakingHandler.constructor
FNDA:0,StakingHandler.constructor
DA:45,0
DA:46,0
DA:47,0
DA:50,0
DA:51,0
DA:52,0
DA:55,0
DA:58,0
DA:59,0
DA:63,0
FN:63,StakingHandler.stake
FNDA:0,StakingHandler.stake
DA:67,0
DA:69,0
DA:70,0
BRDA:70,0,0,-
DA:72,0
BRDA:72,1,0,-
DA:73,0
DA:74,0
DA:75,0
DA:79,0
FN:79,StakingHandler.withdraw
FNDA:0,StakingHandler.withdraw
DA:83,0
DA:85,0
DA:86,0
BRDA:86,2,0,-
DA:88,0
DA:89,0
BRDA:89,3,0,-
DA:91,0
BRDA:91,4,0,-
DA:92,0
DA:93,0
DA:94,0
DA:98,0
FN:98,StakingHandler.getReward
FNDA:0,StakingHandler.getReward
DA:101,0
BRDA:101,5,0,-
DA:103,0
DA:105,0
BRDA:105,6,0,-
DA:106,0
DA:107,0
DA:111,0
FN:111,StakingHandler.exit
FNDA:0,StakingHandler.exit
DA:114,0
DA:115,0
BRDA:115,7,0,-
DA:117,0
DA:119,0
BRDA:119,8,0,-
DA:120,0
DA:121,0
DA:122,0
DA:123,0
DA:124,0
DA:128,0
FN:128,StakingHandler.warpTime
FNDA:0,StakingHandler.warpTime
DA:131,0
DA:132,0
DA:135,0
FN:135,StakingHandler.getActors
FNDA:0,StakingHandler.getActors
DA:136,0
DA:139,0
FN:139,StakingHandler.getSumOfUserStakes
FNDA:0,StakingHandler.getSumOfUserStakes
DA:140,0
DA:141,0
FNF:9
FNH:0
LF:56
LH:0
BRF:9
BRH:0
end_of_record
TN:
SF:test/staking/VyreStaking.medusa.sol
DA:23,0
FN:23,VyreStakingMedusaTest.constructor
FNDA:0,VyreStakingMedusaTest.constructor
DA:24,0
DA:25,0
DA:27,0
DA:30,0
DA:31,0
DA:34,0
DA:39,0
FN:39,VyreStakingMedusaTest.stake
FNDA:0,VyreStakingMedusaTest.stake
DA:42,0
DA:44,0
DA:45,0
BRDA:45,0,0,-
DA:47,0
BRDA:47,1,0,-
DA:48,0
DA:52,0
FN:52,VyreStakingMedusaTest.withdraw
FNDA:0,VyreStakingMedusaTest.withdraw
DA:55,0
DA:57,0
DA:58,0
BRDA:58,2,0,-
DA:60,0
DA:61,0
BRDA:61,3,0,-
DA:63,0
BRDA:63,4,0,-
DA:64,0
DA:68,0
FN:68,VyreStakingMedusaTest.getReward
FNDA:0,VyreStakingMedusaTest.getReward
DA:69,0
BRDA:69,5,0,-
DA:72,0
FN:72,VyreStakingMedusaTest.exit
FNDA:0,VyreStakingMedusaTest.exit
DA:73,0
DA:74,0
BRDA:74,6,0,-
DA:76,0
BRDA:76,7,0,-
DA:77,0
DA:86,0
FN:86,VyreStakingMedusaTest.property_TotalSupplyConsistent
FNDA:0,VyreStakingMedusaTest.property_TotalSupplyConsistent
DA:87,0
DA:88,0
DA:91,0
DA:97,0
FN:97,VyreStakingMedusaTest.property_StakingTokenSolvency
FNDA:0,VyreStakingMedusaTest.property_StakingTokenSolvency
DA:98,0
DA:99,0
DA:101,0
DA:107,0
FN:107,VyreStakingMedusaTest.property_EarnedNonNegative
FNDA:0,VyreStakingMedusaTest.property_EarnedNonNegative
DA:108,0
DA:109,0
DA:115,0
FN:115,VyreStakingMedusaTest.property_RewardRateReasonable
FNDA:0,VyreStakingMedusaTest.property_RewardRateReasonable
DA:116,0
DA:117,0
DA:119,0
BRDA:119,8,0,-
DA:120,0
DA:123,0
DA:124,0
DA:125,0
DA:128,0
DA:134,0
FN:134,VyreStakingMedusaTest.property_CanAlwaysWithdraw
FNDA:0,VyreStakingMedusaTest.property_CanAlwaysWithdraw
DA:135,0
DA:137,0
BRDA:137,9,0,-
DA:139,0
DA:141,0
BRDA:141,10,0,-
DA:142,0
DA:144,0
DA:145,0
DA:148,0
DA:149,0
BRDA:149,11,0,-
DA:151,0
DA:152,0
BRDA:152,10,1,-
DA:153,0
DA:160,0
FN:160,VyreStakingMedusaTest.property_PeriodFinishValid
FNDA:0,VyreStakingMedusaTest.property_PeriodFinishValid
DA:161,0
DA:162,0
DA:165,0
BRDA:165,12,0,-
DA:168,0
DA:174,0
FN:174,VyreStakingMedusaTest.property_RewardsDurationPositive
FNDA:0,VyreStakingMedusaTest.property_RewardsDurationPositive
DA:175,0
DA:181,0
FN:181,VyreStakingMedusaTest.property_GhostConsistency
FNDA:0,VyreStakingMedusaTest.property_GhostConsistency
DA:182,0
DA:183,0
DA:185,0
DA:189,0
DA:194,0
FN:194,VyreStakingMedusaTest._bound
FNDA:0,VyreStakingMedusaTest._bound
DA:199,0
BRDA:199,13,0,-
DA:200,0
BRDA:200,14,0,-
DA:201,0
FNF:14
FNH:0
LF:77
LH:0
BRF:16
BRH:0
end_of_record
